2023-10-04 17:57:49,359 [INFO] Activator:177 - 


2023-10-04 17:57:49,360 [INFO] Activator:178 - !SESSION log4j initialized
2023-10-04 17:57:55,674 [INFO] McuFinderGlobals:39 - Set McuFinder mode to 2 (CubeIDE integrated)
2023-10-04 17:57:55,926 [INFO] ApplicationProperties:181 - Using Application install path: C:\ST\STM32CubeIDE_1.7.0\STM32CubeIDE\plugins\com.st.stm32cube.common.mx_6.3.0.202107141111
2023-10-04 17:57:55,933 [INFO] DbMcusXml:74 - Set database path to: C:\ST\STM32CubeIDE_1.7.0\STM32CubeIDE\plugins\com.st.stm32cube.common.mx_6.3.0.202107141111\\db\/mcu/
2023-10-04 17:57:55,935 [INFO] DbBoardsPdsc:56 - Set plugin database path to: C:\ST\STM32CubeIDE_1.7.0\STM32CubeIDE\plugins\com.st.stm32cube.common.mx_6.3.0.202107141111\\db\/plugins/boardmanager/
2023-10-04 17:57:55,946 [INFO] DbMcus:258 - Set plugin images path to: C:\ST\STM32CubeIDE_1.7.0\STM32CubeIDE\plugins\com.st.stm32cube.common.mx_6.3.0.202107141111\\db\/plugins/mcufinder/images/
2023-10-04 17:57:55,946 [INFO] DbBoards:264 - Set plugin images path to: C:\ST\STM32CubeIDE_1.7.0\STM32CubeIDE\plugins\com.st.stm32cube.common.mx_6.3.0.202107141111\\db\/plugins/mcufinder/images/
2023-10-04 17:57:55,948 [INFO] DbExamples:333 - Set plugin images path to: C:\ST\STM32CubeIDE_1.7.0\STM32CubeIDE\plugins\com.st.stm32cube.common.mx_6.3.0.202107141111\\db\/plugins/mcufinder/images/
2023-10-04 17:57:55,950 [INFO] DbMcusAds:119 - Set database path to: C:\Users\taish\.stmcufinder\plugins\mcufinder//mcu/
2023-10-04 17:57:55,951 [INFO] DbMcusDocs:110 - Set database path to: C:\Users\taish\.stmcufinder\plugins\mcufinder//mcu/
2023-10-04 17:57:55,952 [INFO] DbMcusJson:64 - Set database path to: C:\Users\taish\.stmcufinder\plugins\mcufinder//mcu/
2023-10-04 17:57:55,953 [INFO] DbBoardsDocs:110 - Set database path to: C:\Users\taish\.stmcufinder\plugins\mcufinder//mcu/
2023-10-04 17:57:55,953 [INFO] DbBoardsJson:57 - Set database path to: C:\Users\taish\.stmcufinder\plugins\mcufinder//mcu/
2023-10-04 17:57:55,955 [INFO] CrossReferenceDbSqlite:196 - Set database path to: C:\Users\taish\.stmcufinder\plugins\mcufinder//mcu/cs/
2023-10-04 17:57:55,957 [INFO] DbExamplesSqlite:767 - Set database path to: C:\Users\taish\.stmcufinder\plugins\mcufinder//mcu/
2023-10-04 17:57:56,029 [INFO] RulesReader:57 - Compatibility file has been processed (242 Rules)
2023-10-04 17:57:56,080 [INFO] DbMcusXml:74 - Set database path to: C:\ST\STM32CubeIDE_1.7.0\STM32CubeIDE\plugins\com.st.stm32cube.common.mx_6.3.0.202107141111\\db\/mcu/
2023-10-04 17:57:56,081 [INFO] DbBoardsPdsc:56 - Set plugin database path to: C:\ST\STM32CubeIDE_1.7.0\STM32CubeIDE\plugins\com.st.stm32cube.common.mx_6.3.0.202107141111\\db\/plugins/boardmanager/
2023-10-04 17:57:56,082 [INFO] DbMcus:258 - Set plugin images path to: C:\ST\STM32CubeIDE_1.7.0\STM32CubeIDE\plugins\com.st.stm32cube.common.mx_6.3.0.202107141111\\db\/plugins/mcufinder/images/
2023-10-04 17:57:56,082 [INFO] DbBoards:264 - Set plugin images path to: C:\ST\STM32CubeIDE_1.7.0\STM32CubeIDE\plugins\com.st.stm32cube.common.mx_6.3.0.202107141111\\db\/plugins/mcufinder/images/
2023-10-04 17:57:56,082 [INFO] DbExamples:333 - Set plugin images path to: C:\ST\STM32CubeIDE_1.7.0\STM32CubeIDE\plugins\com.st.stm32cube.common.mx_6.3.0.202107141111\\db\/plugins/mcufinder/images/
2023-10-04 17:57:56,082 [WARN] DbFile:35 - Overriding database path with different value: C:\Users\taish\.stmcufinder\plugins\mcufinder/ => C:\Users\taish\.stmcufinder\plugins\mcufinder
2023-10-04 17:57:56,082 [INFO] DbMcusAds:119 - Set database path to: C:\Users\taish\.stmcufinder\plugins\mcufinder//mcu/
2023-10-04 17:57:56,082 [WARN] DbFile:35 - Overriding database path with different value: C:\Users\taish\.stmcufinder\plugins\mcufinder/ => C:\Users\taish\.stmcufinder\plugins\mcufinder
2023-10-04 17:57:56,082 [INFO] DbMcusDocs:110 - Set database path to: C:\Users\taish\.stmcufinder\plugins\mcufinder//mcu/
2023-10-04 17:57:56,082 [WARN] DbFile:35 - Overriding database path with different value: C:\Users\taish\.stmcufinder\plugins\mcufinder/ => C:\Users\taish\.stmcufinder\plugins\mcufinder
2023-10-04 17:57:56,082 [INFO] DbMcusJson:64 - Set database path to: C:\Users\taish\.stmcufinder\plugins\mcufinder//mcu/
2023-10-04 17:57:56,082 [WARN] DbFile:35 - Overriding database path with different value: C:\Users\taish\.stmcufinder\plugins\mcufinder/ => C:\Users\taish\.stmcufinder\plugins\mcufinder
2023-10-04 17:57:56,083 [INFO] DbBoardsDocs:110 - Set database path to: C:\Users\taish\.stmcufinder\plugins\mcufinder//mcu/
2023-10-04 17:57:56,083 [WARN] DbFile:35 - Overriding database path with different value: C:\Users\taish\.stmcufinder\plugins\mcufinder/ => C:\Users\taish\.stmcufinder\plugins\mcufinder
2023-10-04 17:57:56,083 [INFO] DbBoardsJson:57 - Set database path to: C:\Users\taish\.stmcufinder\plugins\mcufinder//mcu/
2023-10-04 17:57:56,083 [WARN] DbFile:35 - Overriding database path with different value: C:\Users\taish\.stmcufinder\plugins\mcufinder/ => C:\Users\taish\.stmcufinder\plugins\mcufinder
2023-10-04 17:57:56,083 [WARN] DbFile:35 - Overriding database path with different value: C:\Users\taish\.stmcufinder\plugins\mcufinder/ => C:\Users\taish\.stmcufinder\plugins\mcufinder
2023-10-04 17:57:56,083 [INFO] CrossReferenceDbSqlite:196 - Set database path to: C:\Users\taish\.stmcufinder\plugins\mcufinder//mcu/cs/
2023-10-04 17:57:56,083 [WARN] DbFile:35 - Overriding database path with different value: C:\Users\taish\.stmcufinder\plugins\mcufinder/ => C:\Users\taish\.stmcufinder\plugins\mcufinder
2023-10-04 17:57:56,083 [INFO] DbExamplesSqlite:767 - Set database path to: C:\Users\taish\.stmcufinder\plugins\mcufinder//mcu/
2023-10-04 17:57:56,123 [INFO] MainPanel:214 - HeapMemory: 268435456
2023-10-04 17:57:56,171 [INFO] DbMcusXml:74 - Set database path to: C:\ST\STM32CubeIDE_1.7.0\STM32CubeIDE\plugins\com.st.stm32cube.common.mx_6.3.0.202107141111\\db\/mcu/
2023-10-04 17:57:56,171 [INFO] DbBoardsPdsc:56 - Set plugin database path to: C:\ST\STM32CubeIDE_1.7.0\STM32CubeIDE\plugins\com.st.stm32cube.common.mx_6.3.0.202107141111\\db\/plugins/boardmanager/
2023-10-04 17:57:56,171 [INFO] DbMcus:258 - Set plugin images path to: C:\ST\STM32CubeIDE_1.7.0\STM32CubeIDE\plugins\com.st.stm32cube.common.mx_6.3.0.202107141111\\db\/plugins/mcufinder/images/
2023-10-04 17:57:56,171 [INFO] DbBoards:264 - Set plugin images path to: C:\ST\STM32CubeIDE_1.7.0\STM32CubeIDE\plugins\com.st.stm32cube.common.mx_6.3.0.202107141111\\db\/plugins/mcufinder/images/
2023-10-04 17:57:56,171 [INFO] DbExamples:333 - Set plugin images path to: C:\ST\STM32CubeIDE_1.7.0\STM32CubeIDE\plugins\com.st.stm32cube.common.mx_6.3.0.202107141111\\db\/plugins/mcufinder/images/
2023-10-04 17:57:56,171 [WARN] DbFile:35 - Overriding database path with different value: C:\Users\taish\.stmcufinder\plugins\mcufinder/ => C:\Users\taish\.stmcufinder\plugins\mcufinder
2023-10-04 17:57:56,171 [INFO] DbMcusAds:119 - Set database path to: C:\Users\taish\.stmcufinder\plugins\mcufinder//mcu/
2023-10-04 17:57:56,171 [WARN] DbFile:35 - Overriding database path with different value: C:\Users\taish\.stmcufinder\plugins\mcufinder/ => C:\Users\taish\.stmcufinder\plugins\mcufinder
2023-10-04 17:57:56,172 [INFO] DbMcusDocs:110 - Set database path to: C:\Users\taish\.stmcufinder\plugins\mcufinder//mcu/
2023-10-04 17:57:56,172 [WARN] DbFile:35 - Overriding database path with different value: C:\Users\taish\.stmcufinder\plugins\mcufinder/ => C:\Users\taish\.stmcufinder\plugins\mcufinder
2023-10-04 17:57:56,172 [INFO] DbMcusJson:64 - Set database path to: C:\Users\taish\.stmcufinder\plugins\mcufinder//mcu/
2023-10-04 17:57:56,172 [WARN] DbFile:35 - Overriding database path with different value: C:\Users\taish\.stmcufinder\plugins\mcufinder/ => C:\Users\taish\.stmcufinder\plugins\mcufinder
2023-10-04 17:57:56,172 [INFO] DbBoardsDocs:110 - Set database path to: C:\Users\taish\.stmcufinder\plugins\mcufinder//mcu/
2023-10-04 17:57:56,172 [WARN] DbFile:35 - Overriding database path with different value: C:\Users\taish\.stmcufinder\plugins\mcufinder/ => C:\Users\taish\.stmcufinder\plugins\mcufinder
2023-10-04 17:57:56,172 [INFO] DbBoardsJson:57 - Set database path to: C:\Users\taish\.stmcufinder\plugins\mcufinder//mcu/
2023-10-04 17:57:56,172 [WARN] DbFile:35 - Overriding database path with different value: C:\Users\taish\.stmcufinder\plugins\mcufinder/ => C:\Users\taish\.stmcufinder\plugins\mcufinder
2023-10-04 17:57:56,172 [WARN] DbFile:35 - Overriding database path with different value: C:\Users\taish\.stmcufinder\plugins\mcufinder/ => C:\Users\taish\.stmcufinder\plugins\mcufinder
2023-10-04 17:57:56,172 [INFO] CrossReferenceDbSqlite:196 - Set database path to: C:\Users\taish\.stmcufinder\plugins\mcufinder//mcu/cs/
2023-10-04 17:57:56,172 [WARN] DbFile:35 - Overriding database path with different value: C:\Users\taish\.stmcufinder\plugins\mcufinder/ => C:\Users\taish\.stmcufinder\plugins\mcufinder
2023-10-04 17:57:56,172 [INFO] DbExamplesSqlite:767 - Set database path to: C:\Users\taish\.stmcufinder\plugins\mcufinder//mcu/
2023-10-04 17:57:56,184 [INFO] ApplicationProperties:181 - Using Application install path: C:\ST\STM32CubeIDE_1.7.0\STM32CubeIDE\plugins\com.st.stm32cube.common.mx_6.3.0.202107141111
2023-10-04 17:57:56,184 [INFO] PluginManage:188 - Search for loadable plugins [exclusion list=, ]
2023-10-04 17:57:56,185 [INFO] PluginManage:302 - Check plugin analytics
2023-10-04 17:57:56,282 [INFO] AnalyticsPlugin:257 - Accepted Software Licenses: 
2023-10-04 17:57:56,283 [INFO] AnalyticsPlugin:259 - Accepted CMSIS Pack Licenses: 
2023-10-04 17:57:56,283 [INFO] AnalyticsPlugin:261 - Accepted Firmware Licenses: 
2023-10-04 17:57:56,283 [INFO] PluginManage:352 - Loaded plugin analytics (category:tool,tabindex:-1)
2023-10-04 17:57:56,283 [INFO] PluginManage:302 - Check plugin clock
2023-10-04 17:57:56,291 [INFO] PluginManage:352 - Loaded plugin clock (category:base,tabindex:2)
2023-10-04 17:57:56,291 [INFO] PluginManage:302 - Check plugin ddr
2023-10-04 17:57:56,292 [INFO] PluginManage:352 - Loaded plugin ddr (category:tool,tabindex:6)
2023-10-04 17:57:56,292 [INFO] PluginManage:302 - Check plugin filemanager
2023-10-04 17:57:56,374 [INFO] PluginManage:352 - Loaded plugin filemanager (category:base,tabindex:10)
2023-10-04 17:57:56,374 [INFO] PluginManage:302 - Check plugin ipmanager
2023-10-04 17:57:56,379 [INFO] PluginManage:352 - Loaded plugin ipmanager (category:base,tabindex:5)
2023-10-04 17:57:56,379 [INFO] PluginManage:302 - Check plugin pinoutandconfiguration
2023-10-04 17:57:56,384 [INFO] PluginManage:352 - Loaded plugin pinoutandconfiguration (category:base,tabindex:1)
2023-10-04 17:57:56,384 [INFO] PluginManage:302 - Check plugin pinoutconfig
2023-10-04 17:57:56,411 [INFO] PluginManage:352 - Loaded plugin pinoutconfig (category:base,tabindex:0)
2023-10-04 17:57:56,411 [INFO] PluginManage:302 - Check plugin power
2023-10-04 17:57:56,418 [INFO] PluginManage:352 - Loaded plugin power (category:power,tabindex:4)
2023-10-04 17:57:56,418 [INFO] PluginManage:302 - Check plugin projectmanager
2023-10-04 17:57:56,428 [INFO] PluginManage:352 - Loaded plugin projectmanager (category:projectmanager,tabindex:3)
2023-10-04 17:57:56,429 [INFO] PluginManage:302 - Check plugin thirdparty
2023-10-04 17:57:56,520 [WARN] IntegrityCheckThread:78 - waiting for thirdparty lock release [integrity check]
2023-10-04 17:57:56,521 [INFO] IntegrityCheckThread:80 - entering critical section [integrity check]
2023-10-04 17:57:56,520 [INFO] PluginManage:352 - Loaded plugin thirdparty (category:base,tabindex:-1)
2023-10-04 17:57:56,521 [INFO] PluginManage:302 - Check plugin tools
2023-10-04 17:57:56,521 [INFO] ThirdPartyUpdaterWithRetryManager:66 - Updater plugin not ready yet. [1/15]
2023-10-04 17:57:56,522 [INFO] PluginManage:352 - Loaded plugin tools (category:base,tabindex:7)
2023-10-04 17:57:56,523 [INFO] PluginManage:302 - Check plugin tutovideos
2023-10-04 17:57:56,657 [INFO] PluginManage:352 - Loaded plugin tutovideos (category:base,tabindex:-1)
2023-10-04 17:57:56,666 [INFO] PluginManage:302 - Check plugin updater
2023-10-04 17:57:56,674 [INFO] PluginManage:352 - Loaded plugin updater (category:base,tabindex:12)
2023-10-04 17:57:56,674 [INFO] PluginManage:275 - PluginManage : Loaded plugins [13]
2023-10-04 17:57:56,786 [INFO] PinOutPanel:1463 - setPackage(No Configuration,No Configuration)
2023-10-04 17:57:56,847 [INFO] IPUIPlugin:74 - create IPUIPlugin
2023-10-04 17:57:56,847 [INFO] PluginManager:213 - loadIPPluginJar : add adc
2023-10-04 17:57:56,848 [INFO] IPUIPlugin:74 - create IPUIPlugin
2023-10-04 17:57:56,849 [INFO] PluginManager:213 - loadIPPluginJar : add aes
2023-10-04 17:57:56,850 [INFO] IPUIPlugin:74 - create IPUIPlugin
2023-10-04 17:57:56,850 [INFO] PluginManager:213 - loadIPPluginJar : add can
2023-10-04 17:57:56,851 [INFO] IPUIPlugin:74 - create IPUIPlugin
2023-10-04 17:57:56,851 [INFO] PluginManager:213 - loadIPPluginJar : add comp
2023-10-04 17:57:56,853 [INFO] IPUIPlugin:74 - create IPUIPlugin
2023-10-04 17:57:56,853 [INFO] PluginManager:213 - loadIPPluginJar : add cryp
2023-10-04 17:57:56,854 [INFO] IPUIPlugin:74 - create IPUIPlugin
2023-10-04 17:57:56,854 [INFO] PluginManager:213 - loadIPPluginJar : add dfsdm
2023-10-04 17:57:56,857 [INFO] IPUIPlugin:74 - create IPUIPlugin
2023-10-04 17:57:56,858 [INFO] PluginManager:213 - loadIPPluginJar : add dma
2023-10-04 17:57:56,859 [INFO] IPUIPlugin:74 - create IPUIPlugin
2023-10-04 17:57:56,859 [INFO] PluginManager:213 - loadIPPluginJar : add dma3
2023-10-04 17:57:56,860 [INFO] IPUIPlugin:74 - create IPUIPlugin
2023-10-04 17:57:56,860 [INFO] PluginManager:213 - loadIPPluginJar : add fatfs
2023-10-04 17:57:56,864 [INFO] IPUIPlugin:74 - create IPUIPlugin
2023-10-04 17:57:56,864 [INFO] PluginManager:213 - loadIPPluginJar : add fmc
2023-10-04 17:57:56,868 [INFO] IPUIPlugin:74 - create IPUIPlugin
2023-10-04 17:57:56,868 [INFO] PluginManager:213 - loadIPPluginJar : add freertos
2023-10-04 17:57:56,869 [INFO] IPUIPlugin:74 - create IPUIPlugin
2023-10-04 17:57:56,869 [INFO] PluginManager:213 - loadIPPluginJar : add genericplugin
2023-10-04 17:57:56,870 [INFO] IPUIPlugin:74 - create IPUIPlugin
2023-10-04 17:57:56,870 [INFO] PluginManager:213 - loadIPPluginJar : add gfxmmu
2023-10-04 17:57:56,873 [INFO] IPUIPlugin:74 - create IPUIPlugin
2023-10-04 17:57:56,873 [INFO] PluginManager:213 - loadIPPluginJar : add gic
2023-10-04 17:57:56,876 [INFO] IPUIPlugin:74 - create IPUIPlugin
2023-10-04 17:57:56,876 [INFO] PluginManager:213 - loadIPPluginJar : add gpio
2023-10-04 17:57:56,878 [INFO] IPUIPlugin:74 - create IPUIPlugin
2023-10-04 17:57:56,878 [INFO] PluginManager:213 - loadIPPluginJar : add gtzc
2023-10-04 17:57:56,880 [INFO] IPUIPlugin:74 - create IPUIPlugin
2023-10-04 17:57:56,880 [INFO] PluginManager:213 - loadIPPluginJar : add hash
2023-10-04 17:57:56,883 [INFO] IPUIPlugin:74 - create IPUIPlugin
2023-10-04 17:57:56,883 [INFO] PluginManager:213 - loadIPPluginJar : add i2c
2023-10-04 17:57:56,884 [INFO] IPUIPlugin:74 - create IPUIPlugin
2023-10-04 17:57:56,884 [INFO] PluginManager:213 - loadIPPluginJar : add i2s
2023-10-04 17:57:56,886 [INFO] IPUIPlugin:74 - create IPUIPlugin
2023-10-04 17:57:56,886 [INFO] PluginManager:213 - loadIPPluginJar : add ipddr
2023-10-04 17:57:56,891 [INFO] IPUIPlugin:74 - create IPUIPlugin
2023-10-04 17:57:56,891 [INFO] PluginManager:213 - loadIPPluginJar : add linkedlist
2023-10-04 17:57:56,893 [INFO] IPUIPlugin:74 - create IPUIPlugin
2023-10-04 17:57:56,893 [INFO] PluginManager:213 - loadIPPluginJar : add lorawan
2023-10-04 17:57:56,893 [INFO] IPUIPlugin:74 - create IPUIPlugin
2023-10-04 17:57:56,894 [INFO] PluginManager:213 - loadIPPluginJar : add ltdc
2023-10-04 17:57:56,896 [INFO] IPUIPlugin:74 - create IPUIPlugin
2023-10-04 17:57:56,897 [INFO] PluginManager:213 - loadIPPluginJar : add mdma
2023-10-04 17:57:56,899 [INFO] IPUIPlugin:74 - create IPUIPlugin
2023-10-04 17:57:56,899 [INFO] PluginManager:213 - loadIPPluginJar : add nvic
2023-10-04 17:57:56,901 [INFO] IPUIPlugin:74 - create IPUIPlugin
2023-10-04 17:57:56,901 [INFO] PluginManager:213 - loadIPPluginJar : add opamp
2023-10-04 17:57:56,904 [INFO] IPUIPlugin:74 - create IPUIPlugin
2023-10-04 17:57:56,904 [INFO] PluginManager:213 - loadIPPluginJar : add openamp
2023-10-04 17:57:56,906 [INFO] IPUIPlugin:74 - create IPUIPlugin
2023-10-04 17:57:56,906 [INFO] PluginManager:213 - loadIPPluginJar : add pdm2pcm
2023-10-04 17:57:56,910 [INFO] IPUIPlugin:74 - create IPUIPlugin
2023-10-04 17:57:56,913 [INFO] PluginManager:213 - loadIPPluginJar : add plateformsettings
2023-10-04 17:57:56,914 [INFO] IPUIPlugin:74 - create IPUIPlugin
2023-10-04 17:57:56,914 [INFO] PluginManager:213 - loadIPPluginJar : add quadspi
2023-10-04 17:57:56,935 [INFO] IPUIPlugin:74 - create IPUIPlugin
2023-10-04 17:57:56,936 [INFO] PluginManager:213 - loadIPPluginJar : add resmgrutility
2023-10-04 17:57:56,938 [INFO] IPUIPlugin:74 - create IPUIPlugin
2023-10-04 17:57:56,938 [INFO] PluginManager:213 - loadIPPluginJar : add sai
2023-10-04 17:57:56,941 [INFO] IPUIPlugin:74 - create IPUIPlugin
2023-10-04 17:57:56,941 [INFO] PluginManager:213 - loadIPPluginJar : add spi
2023-10-04 17:57:56,946 [INFO] IPUIPlugin:74 - create IPUIPlugin
2023-10-04 17:57:56,946 [INFO] PluginManager:213 - loadIPPluginJar : add stm32_wpan
2023-10-04 17:57:56,948 [INFO] IPUIPlugin:74 - create IPUIPlugin
2023-10-04 17:57:56,948 [INFO] PluginManager:213 - loadIPPluginJar : add tim
2023-10-04 17:57:56,950 [INFO] IPUIPlugin:74 - create IPUIPlugin
2023-10-04 17:57:56,950 [INFO] PluginManager:213 - loadIPPluginJar : add touchsensing
2023-10-04 17:57:56,952 [INFO] IPUIPlugin:74 - create IPUIPlugin
2023-10-04 17:57:56,952 [INFO] PluginManager:213 - loadIPPluginJar : add tracer_emb
2023-10-04 17:57:56,953 [INFO] IPUIPlugin:74 - create IPUIPlugin
2023-10-04 17:57:56,953 [INFO] PluginManager:213 - loadIPPluginJar : add ts
2023-10-04 17:57:56,954 [INFO] IPUIPlugin:74 - create IPUIPlugin
2023-10-04 17:57:56,954 [INFO] PluginManager:213 - loadIPPluginJar : add tsc
2023-10-04 17:57:56,955 [INFO] IPUIPlugin:74 - create IPUIPlugin
2023-10-04 17:57:56,956 [INFO] PluginManager:213 - loadIPPluginJar : add ucpd
2023-10-04 17:57:56,957 [INFO] IPUIPlugin:74 - create IPUIPlugin
2023-10-04 17:57:56,957 [INFO] PluginManager:213 - loadIPPluginJar : add usart
2023-10-04 17:57:56,959 [INFO] IPUIPlugin:74 - create IPUIPlugin
2023-10-04 17:57:56,959 [INFO] PluginManager:213 - loadIPPluginJar : add usbx
2023-10-04 17:57:57,207 [FATAL] Updater:294 - Updater called before beeing initialized
2023-10-04 17:57:57,281 [FATAL] Updater:294 - Updater called before beeing initialized
2023-10-04 17:57:57,284 [INFO] DbMcusAds:47 - JSON generation date=Tue Mar 07 15:50:55 ICT 2023 (1678179055114)
2023-10-04 17:57:57,285 [FATAL] Updater:294 - Updater called before beeing initialized
2023-10-04 17:57:57,310 [WARN] DetailPanel:314 - Failed to get advertising image, set to default
2023-10-04 17:57:57,380 [FATAL] Updater:294 - Updater called before beeing initialized
2023-10-04 17:57:57,381 [FATAL] Updater:294 - Updater called before beeing initialized
2023-10-04 17:57:57,381 [FATAL] Updater:294 - Updater called before beeing initialized
2023-10-04 17:57:57,383 [WARN] DetailPanel:314 - Failed to get advertising image, set to default
2023-10-04 17:57:57,384 [FATAL] Updater:294 - Updater called before beeing initialized
2023-10-04 17:57:57,418 [ERROR] Updater:1075 - MainUpdater not yet initialized. External WinMGr cannot be set.
2023-10-04 17:57:57,419 [INFO] Updater:1012 - Updater Version found : 6.3.0
2023-10-04 17:57:57,432 [INFO] ApplicationProperties:181 - Using Application install path: C:\ST\STM32CubeIDE_1.7.0\STM32CubeIDE\plugins\com.st.stm32cube.common.mx_6.3.0.202107141111
2023-10-04 17:57:57,755 [INFO] MainUpdater:2671 - connection check result : 10
2023-10-04 17:57:57,756 [INFO] MainUpdater:265 - Updater Check For Update Now.
2023-10-04 17:57:57,756 [INFO] MicroXplorer:478 - Change Database Version : DB.6.0.30
2023-10-04 17:57:57,907 [INFO] CheckServerUpdateThread:112 - End of CheckServer Thread
2023-10-04 17:57:57,984 [INFO] MainUpdater:2671 - connection check result : 10
2023-10-04 17:57:58,124 [INFO] McuFinderGlobals:52 - Set McuFinderConnectedMode to false
2023-10-04 17:57:58,194 [INFO] CrossSelectorPresenter:1330 - Cross Selector saved comparison directory: C:\Users\taish\.stmcufinder\plugins\mcufinder\mcu\cs_comparisons_mx
2023-10-04 17:57:58,197 [INFO] MultiScanPanel:197 - Auto-refresh data requested => check proxy status ongoing
2023-10-04 17:57:58,198 [INFO] MultiScanPanel:201 - Proxy status is invalid
2023-10-04 17:57:58,200 [INFO] FinderPluginLoader:87 - Searching for filters in installed packs
2023-10-04 17:57:58,201 [INFO] DbMcusXml:100 - Load MCU database from C:\ST\STM32CubeIDE_1.7.0\STM32CubeIDE\plugins\com.st.stm32cube.common.mx_6.3.0.202107141111\\db\/mcu/families.xml
2023-10-04 17:57:58,840 [INFO] DbMcusJson:93 - JSON generation date=Tue Nov 16 23:17:54 ICT 2021 (1637079474)
2023-10-04 17:57:59,371 [INFO] DbMcus:175 - Found 1951 MCUs (1903 are supported by CubeMX, 1914 are visible in CubeMX)
2023-10-04 17:57:59,371 [INFO] ApiDb:251 - Load user favorites file C:\Users\taish/.stm32cubeide/favorites.mcus.txt: 0 item(s)
2023-10-04 17:57:59,371 [INFO] ApiDb:255 - User favorites MCUs=[]
2023-10-04 17:57:59,371 [INFO] DbMcus:187 - Set 0 / 0 favorites MCUs
2023-10-04 17:57:59,608 [ERROR] Engine:463 - C:\Users\taish\.stm32cubemx\thirdparties\pdsc\STMicroelectronics.X-CUBE-SMBUS.2.1.0.pdsc: PDSC version is not supported
2023-10-04 17:57:59,651 [WARN] PackLoader:238 - Cannot read IP mode file for STMicroelectronics.X-CUBE-AZRTOS-F7.1.1.0
2023-10-04 17:57:59,662 [ERROR] Engine:463 - C:\Users\taish\.stm32cubemx\thirdparties\pdsc\STMicroelectronics.FP-SNS-MOTENV1.4.3.2.pdsc: PDSC version is not supported
2023-10-04 17:57:59,665 [ERROR] Engine:463 - C:\Users\taish\.stm32cubemx\thirdparties\pdsc\STMicroelectronics.FP-SNS-FLIGHT1.5.0.2.pdsc: PDSC version is not supported
2023-10-04 17:57:59,667 [ERROR] Engine:463 - C:\Users\taish\.stm32cubemx\thirdparties\pdsc\STMicroelectronics.X-CUBE-DISPLAY.3.0.0.pdsc: PDSC version is not supported
2023-10-04 17:57:59,672 [WARN] PackLoader:238 - Cannot read IP mode file for STMicroelectronics.X-CUBE-BLE1.7.0.0
2023-10-04 17:57:59,675 [ERROR] Engine:463 - C:\Users\taish\.stm32cubemx\thirdparties\pdsc\emotas.I-CUBE-CANOPEN.1.3.0.pdsc: PDSC version is not supported
2023-10-04 17:57:59,687 [WARN] PackLoader:238 - Cannot read IP mode file for STMicroelectronics.X-CUBE-TOUCHGFX.4.22.0
2023-10-04 17:57:59,689 [WARN] PackLoader:238 - Cannot read IP mode file for STMicroelectronics.X-CUBE-TOUCHGFX.4.22.1
2023-10-04 17:57:59,691 [ERROR] Engine:463 - C:\Users\taish\.stm32cubemx\thirdparties\pdsc\STMicroelectronics.FP-SNS-SMARTAG2.1.2.0.pdsc: PDSC version is not supported
2023-10-04 17:57:59,702 [INFO] LogOutputStream:76 - [STDOUT_REDIRECT] 1 : Invalid condition id : UX_CORESTACK_Condition cause : null
2023-10-04 17:57:59,704 [INFO] LogOutputStream:76 - [STDOUT_REDIRECT] 1 : Invalid condition id : UX_CORESTACK_Condition cause : null
2023-10-04 17:57:59,705 [INFO] LogOutputStream:76 - [STDOUT_REDIRECT] 1 : Invalid condition id : UX_CORESTACK_Condition cause : null
2023-10-04 17:57:59,706 [INFO] LogOutputStream:76 - [STDOUT_REDIRECT] 1 : Invalid condition id : UX_CORESTACK_Condition cause : null
2023-10-04 17:57:59,707 [INFO] LogOutputStream:76 - [STDOUT_REDIRECT] 1 : Invalid condition id : UX_CORESTACK_Condition cause : null
2023-10-04 17:57:59,717 [WARN] PackLoader:238 - Cannot read IP mode file for STMicroelectronics.X-CUBE-AZRTOS-WL.2.0.0
2023-10-04 17:57:59,726 [WARN] PackLoader:238 - Cannot read IP mode file for WES.I-CUBE-Cesium.1.3.0
2023-10-04 17:57:59,730 [WARN] PackLoader:238 - Cannot read IP mode file for STMicroelectronics.X-CUBE-BLE2.3.3.0
2023-10-04 17:57:59,737 [WARN] PackLoader:238 - Cannot read IP mode file for STMicroelectronics.X-CUBE-ALGOBUILD.1.3.0
2023-10-04 17:57:59,749 [INFO] DetailPanel:309 - Set advertising image to C:/Users/taish/STM32Cube/Repository/\en.prom-stm32h5-mcu-finder.jpg
2023-10-04 17:57:59,761 [WARN] PackLoader:238 - Cannot read IP mode file for STMicroelectronics.X-CUBE-AZRTOS-G0.1.1.0
2023-10-04 17:57:59,769 [WARN] PackLoader:238 - Cannot read IP mode file for STMicroelectronics.X-CUBE-NFC4.3.0.0
2023-10-04 17:57:59,773 [WARN] PackLoader:238 - Cannot read IP mode file for STMicroelectronics.FP-ATR-SIGFOX1.3.2.0
2023-10-04 17:57:59,819 [WARN] PackLoader:238 - Cannot read IP mode file for SEGGER.I-CUBE-embOS.1.3.1
2023-10-04 17:57:59,860 [WARN] PackLoader:238 - Cannot read IP mode file for STMicroelectronics.X-CUBE-GNSS1.6.0.0
2023-10-04 17:57:59,881 [WARN] PackLoader:238 - Cannot read IP mode file for STMicroelectronics.X-CUBE-AZRTOS-F4.1.1.0
2023-10-04 17:57:59,888 [WARN] PackLoader:238 - Cannot read IP mode file for wolfSSL.I-CUBE-wolfSSL.5.6.3
2023-10-04 17:57:59,901 [WARN] PackLoader:238 - Cannot read IP mode file for STMicroelectronics.X-CUBE-AZRTOS-L5.2.0.0
2023-10-04 17:57:59,951 [WARN] PackLoader:238 - Cannot read IP mode file for STMicroelectronics.X-CUBE-MEMS1.9.6.0
2023-10-04 17:58:00,100 [INFO] DbBoardsPdsc:90 - Found 25 items
2023-10-04 17:58:00,101 [INFO] DbBoardsPdsc:90 - Found 9 items
2023-10-04 17:58:00,103 [INFO] DbBoardsPdsc:90 - Found 33 items
2023-10-04 17:58:00,104 [INFO] DbBoardsPdsc:90 - Found 1 items
2023-10-04 17:58:00,104 [ERROR] Engine:463 - C:\Users\taish\.stm32cubemx\thirdparties\pdsc\ITTIA_DB.I-CUBE-ITTIADB.8.8.0.pdsc: PDSC version is not supported
2023-10-04 17:58:00,108 [INFO] DbBoardsPdsc:90 - Found 48 items
2023-10-04 17:58:00,121 [WARN] PackLoader:238 - Cannot read IP mode file for STMicroelectronics.X-CUBE-BLEMGR.2.0.0
2023-10-04 17:58:00,127 [INFO] DbBoardsPdsc:90 - Found 43 items
2023-10-04 17:58:00,128 [INFO] DbBoardsPdsc:90 - Found 2 items
2023-10-04 17:58:00,130 [INFO] DbBoardsPdsc:90 - Found 5 items
2023-10-04 17:58:00,134 [WARN] DbBoardsPdsc:254 - Board STM32H7B3I-DK: unknown feature type=Audio, name=, username=Audio stereo codec with Headphone Amp (CS42L51-CNZ), n=1
2023-10-04 17:58:00,134 [WARN] DbBoardsPdsc:254 - Board STM32H735G-DK: unknown feature type=Audio, name=, username=Audio stereo codec with Headphone Amp (WM8994ECS/R), n=1
2023-10-04 17:58:00,135 [WARN] DbBoardsPdsc:254 - Board STM32H7B3I-EVAL: unknown feature type=Audio, name=, username=Multi-Channel Audio Codec (CS42L51-CNZ), n=1
2023-10-04 17:58:00,135 [WARN] DbBoardsPdsc:254 - Board STM32H7B3I-EVAL: unknown feature type=Meter, name=, username=Power-metering and Temperature-monitoring with sigma-delta modulators, n=1
2023-10-04 17:58:00,136 [WARN] DbBoardsPdsc:254 - Board STM32H7B3I-EVAL: unknown feature type=Motor, name=, username=Motor Control, n=1
2023-10-04 17:58:00,136 [WARN] DbBoardsPdsc:254 - Board STM32U575I-EV: unknown feature type=joystick, name=, username=4-direction joystick with selection button, n=1
2023-10-04 17:58:00,140 [WARN] ConditionMgr:437 - getConditionDescription Invalid condition id : UX DEVICE CLASS RTOS Condition cause : null
2023-10-04 17:58:00,140 [WARN] ConditionMgr:437 - getConditionDescription Invalid condition id : UX DEVICE CLASS RTOS Condition cause : null
2023-10-04 17:58:00,144 [WARN] PackLoader:238 - Cannot read IP mode file for STMicroelectronics.X-CUBE-AZRTOS-H7.3.1.0
2023-10-04 17:58:00,145 [WARN] ConditionMgr:1038 - genDependencies : Invalid condition id : UX DEVICE CLASS RTOS Condition cause : null
2023-10-04 17:58:00,145 [WARN] ConditionMgr:1038 - genDependencies : Invalid condition id : UX DEVICE CLASS RTOS Condition cause : null
2023-10-04 17:58:00,146 [WARN] ConditionMgr:1038 - genDependencies : Invalid condition id : UX DEVICE CLASS RTOS Condition cause : null
2023-10-04 17:58:00,147 [WARN] ConditionMgr:1038 - genDependencies : Invalid condition id : UX DEVICE CLASS RTOS Condition cause : null
2023-10-04 17:58:00,147 [WARN] ConditionMgr:1038 - genDependencies : Invalid condition id : UX DEVICE CLASS RTOS Condition cause : null
2023-10-04 17:58:00,151 [WARN] PackLoader:238 - Cannot read IP mode file for STMicroelectronics.X-CUBE-NFC7.1.0.1
2023-10-04 17:58:00,156 [INFO] DbBoardsJson:86 - JSON generation date=Tue Nov 16 23:17:54 ICT 2021 (1637079474)
2023-10-04 17:58:00,159 [WARN] PackLoader:238 - Cannot read IP mode file for STMicroelectronics.X-CUBE-NFC6.3.0.0
2023-10-04 17:58:00,163 [INFO] DbBoards:117 - Found 167 boards (163 are supported by CubeMX)
2023-10-04 17:58:00,166 [WARN] PackLoader:238 - Cannot read IP mode file for STMicroelectronics.X-CUBE-EEPRMA1.4.1.0
2023-10-04 17:58:00,166 [INFO] DbBoardsDocs:143 - JSON generation date=Tue Nov 16 23:17:54 ICT 2021 (1637079474)
2023-10-04 17:58:00,169 [INFO] DbBoardsDocs:79 - Found 209 boards documents
2023-10-04 17:58:00,170 [WARN] DbBoards:127 - board B-L475E-IOT01A2 has no document id list !
2023-10-04 17:58:00,170 [WARN] DbBoards:127 - board NUCLEO-H743ZI has no document id list !
2023-10-04 17:58:00,171 [WARN] DbBoards:127 - board NUCLEO-WL55JC2 has no document id list !
2023-10-04 17:58:00,171 [WARN] DbBoards:127 - board P-NUCLEO-WB55-Nucleo has no document id list !
2023-10-04 17:58:00,171 [WARN] DbBoards:127 - board P-NUCLEO-WB55-USBDongle has no document id list !
2023-10-04 17:58:00,171 [WARN] DbBoards:127 - board STEVAL-BFA001V1B has no document id list !
2023-10-04 17:58:00,171 [WARN] DbBoards:127 - board STEVAL-BFA001V2B has no document id list !
2023-10-04 17:58:00,171 [WARN] DbBoards:127 - board STEVAL-IDP005V1 has no document id list !
2023-10-04 17:58:00,173 [WARN] DbBoards:127 - board STEVAL-IDP005V2 has no document id list !
2023-10-04 17:58:00,173 [WARN] DbBoards:127 - board STEVAL-MKSBOX1V1 has no document id list !
2023-10-04 17:58:00,173 [WARN] DbBoards:127 - board STEVAL-STWINKT1 has no document id list !
2023-10-04 17:58:00,173 [WARN] DbBoards:127 - board STEVAL-STWINKT1B has no document id list !
2023-10-04 17:58:00,173 [WARN] DbBoards:127 - board STM32439I-EVAL2 has no document id list !
2023-10-04 17:58:00,173 [WARN] DbBoards:127 - board STM32F401C-DISCO has no document id list !
2023-10-04 17:58:00,174 [WARN] DbBoards:127 - board STM32F769I-DISC1 has no document id list !
2023-10-04 17:58:00,174 [WARN] DbBoards:127 - board STM32G474E-EVAL1 has no document id list !
2023-10-04 17:58:00,175 [WARN] DbBoards:127 - board STM32H743I-EVAL2 has no document id list !
2023-10-04 17:58:00,175 [WARN] DbBoards:127 - board STM32H747I-DISC1 has no document id list !
2023-10-04 17:58:00,175 [WARN] DbBoards:127 - board STM32H753I-EVAL2 has no document id list !
2023-10-04 17:58:00,175 [WARN] DbBoards:127 - board STM32L-DISCOVERY has no document id list !
2023-10-04 17:58:00,181 [WARN] PackLoader:238 - Cannot read IP mode file for STMicroelectronics.X-CUBE-AI.8.1.0
2023-10-04 17:58:00,211 [WARN] ConditionMgr:437 - getConditionDescription Invalid condition id : LAN8742 Phy interface Condition cause : null
2023-10-04 17:58:00,211 [WARN] PackLoader:238 - Cannot read IP mode file for STMicroelectronics.X-CUBE-AZRTOS-L4.2.0.0
2023-10-04 17:58:00,214 [WARN] ConditionMgr:1038 - genDependencies : Invalid condition id : LAN8742 Phy interface Condition cause : null
2023-10-04 17:58:00,214 [WARN] ConditionMgr:1038 - genDependencies : Invalid condition id : LAN8742 Phy interface Condition cause : null
2023-10-04 17:58:00,215 [WARN] ConditionMgr:1038 - genDependencies : Invalid condition id : LAN8742 Phy interface Condition cause : null
2023-10-04 17:58:00,222 [WARN] PackLoader:238 - Cannot read IP mode file for STMicroelectronics.X-CUBE-SFXS2LP1.4.0.0
2023-10-04 17:58:00,226 [WARN] PackLoader:238 - Cannot read IP mode file for STMicroelectronics.X-CUBE-ISPU.1.1.0
2023-10-04 17:58:00,238 [WARN] ConditionMgr:437 - getConditionDescription Invalid condition id : UX DEVICE CLASS RTOS Condition cause : null
2023-10-04 17:58:00,238 [WARN] ConditionMgr:437 - getConditionDescription Invalid condition id : UX DEVICE CLASS RTOS Condition cause : null
2023-10-04 17:58:00,240 [WARN] PackLoader:238 - Cannot read IP mode file for STMicroelectronics.X-CUBE-AZRTOS-WB.2.0.0
2023-10-04 17:58:00,241 [WARN] ConditionMgr:1038 - genDependencies : Invalid condition id : UX DEVICE CLASS RTOS Condition cause : null
2023-10-04 17:58:00,241 [WARN] ConditionMgr:1038 - genDependencies : Invalid condition id : UX DEVICE CLASS RTOS Condition cause : null
2023-10-04 17:58:00,241 [WARN] ConditionMgr:1038 - genDependencies : Invalid condition id : UX DEVICE CLASS RTOS Condition cause : null
2023-10-04 17:58:00,241 [WARN] ConditionMgr:1038 - genDependencies : Invalid condition id : UX DEVICE CLASS RTOS Condition cause : null
2023-10-04 17:58:00,241 [WARN] ConditionMgr:1038 - genDependencies : Invalid condition id : UX DEVICE CLASS RTOS Condition cause : null
2023-10-04 17:58:00,250 [WARN] PackLoader:238 - Cannot read IP mode file for STMicroelectronics.X-CUBE-SUBG2.5.0.0
2023-10-04 17:58:00,263 [ERROR] Engine:463 - C:\Users\taish\.stm32cubemx\thirdparties\pdsc\STMicroelectronics.X-CUBE-TOF1.3.3.1.pdsc: PDSC version is not supported
2023-10-04 17:58:00,274 [WARN] PackLoader:238 - Cannot read IP mode file for STMicroelectronics.X-CUBE-AZRTOS-G4.2.0.0
2023-10-04 17:58:00,284 [ERROR] Engine:463 - C:\Users\taish\.stm32cubemx\thirdparties\pdsc\STMicroelectronics.X-CUBE-FREERTOS.1.1.0.pdsc: PDSC version is not supported
2023-10-04 17:58:00,288 [WARN] PackLoader:238 - Cannot read IP mode file for portGmbH.I-Cube-SoM-uGOAL.1.1.0
2023-10-04 17:58:00,290 [WARN] PackLoader:238 - Cannot read IP mode file for STMicroelectronics.X-CUBE-ALS.1.0.1
2023-10-04 17:58:00,294 [WARN] PackLoader:238 - Cannot read IP mode file for STMicroelectronics.FP-ATR-ASTRA1.2.0.0
2023-10-04 17:58:00,294 [INFO] ThirdParty:915 - Integrity check success = true
2023-10-04 17:58:00,294 [INFO] IntegrityCheckThread:94 - exiting critical section [integrity check]
2023-10-04 17:58:00,294 [INFO] IntegrityCheckThread:97 - End integrity checks thread
2023-10-04 17:58:00,303 [ERROR] DbBoards:189 - Image file not found for board B-U585I-IOT02A: C:\ST\STM32CubeIDE_1.7.0\STM32CubeIDE\plugins\com.st.stm32cube.common.mx_6.3.0.202107141111\\db\/plugins/mcufinder/images/boards/B-U585I-IOT02A_small.jpg
2023-10-04 17:58:00,382 [ERROR] DbBoards:189 - Image file not found for board NUCLEO-F413ZH: C:\ST\STM32CubeIDE_1.7.0\STM32CubeIDE\plugins\com.st.stm32cube.common.mx_6.3.0.202107141111\\db\/plugins/mcufinder/images/boards/nucleo-f413zh_small.jpg
2023-10-04 17:58:00,543 [ERROR] DbBoards:189 - Image file not found for board NUCLEO-L552ZE-Q: C:\ST\STM32CubeIDE_1.7.0\STM32CubeIDE\plugins\com.st.stm32cube.common.mx_6.3.0.202107141111\\db\/plugins/mcufinder/images/boards/nucleo_l552ze_q_small.jpg
2023-10-04 17:58:00,543 [ERROR] DbBoards:189 - Image file not found for board NUCLEO-U575ZI-Q: C:\ST\STM32CubeIDE_1.7.0\STM32CubeIDE\plugins\com.st.stm32cube.common.mx_6.3.0.202107141111\\db\/plugins/mcufinder/images/boards/nucleo-u575zi-q_small.jpg
2023-10-04 17:58:00,543 [ERROR] DbBoards:189 - Image file not found for board NUCLEO-WB15CC: C:\ST\STM32CubeIDE_1.7.0\STM32CubeIDE\plugins\com.st.stm32cube.common.mx_6.3.0.202107141111\\db\/plugins/mcufinder/images/boards/nucleo-wb15cc_small.jpg
2023-10-04 17:58:00,543 [ERROR] DbBoards:189 - Image file not found for board NUCLEO-WB55RG: C:\ST\STM32CubeIDE_1.7.0\STM32CubeIDE\plugins\com.st.stm32cube.common.mx_6.3.0.202107141111\\db\/plugins/mcufinder/images/boards/nucleo-wb55rg_small.jpg
2023-10-04 17:58:01,467 [INFO] ApiDb:251 - Load user favorites file C:\Users\taish/.stm32cubeide/favorites.boards.txt: 0 item(s)
2023-10-04 17:58:01,468 [INFO] ApiDb:255 - User favorites Boards=[]
2023-10-04 17:58:01,468 [INFO] DbBoards:206 - Set 0 / 0 favorites Boards
2023-10-04 17:58:14,484 [INFO] DbMcusDocs:143 - JSON generation date=Tue Nov 16 23:17:54 ICT 2021 (1637079474)
2023-10-04 17:58:14,813 [INFO] DbMcusDocs:79 - Found 682 MCUs documents
2023-10-04 17:58:36,784 [INFO] MainUpdater:2671 - connection check result : 10
2023-10-04 17:58:36,784 [INFO] MainUpdater:2671 - connection check result : 10
2023-10-04 17:58:36,821 [INFO] MicroXplorer:448 - Change Database Path : 
2023-10-04 17:58:36,821 [INFO] MicroXplorer:478 - Change Database Version : DB.6.0.30
2023-10-04 17:58:36,821 [WARN] ThirdParty:813 - waiting for thirdparty lock release [close project]
2023-10-04 17:58:36,821 [INFO] ThirdParty:815 - entering critical section [close project]
2023-10-04 17:58:36,823 [INFO] ThirdParty:825 - exiting critical section [close project]
2023-10-04 17:58:36,826 [INFO] PinOutPanel:1463 - setPackage(No Configuration,No Configuration)
2023-10-04 17:58:36,826 [INFO] UtilMem:74 - Begin LoadConfig() Used Memory: 484350224 Bytes (625999872)
2023-10-04 17:58:36,827 [INFO] MicroXplorer:448 - Change Database Path : 
2023-10-04 17:58:36,828 [INFO] MicroXplorer:478 - Change Database Version : DB.6.0.30
2023-10-04 17:58:36,828 [INFO] OpenFileManager:313 - Change cursor
2023-10-04 17:58:37,478 [INFO] Context:592 - Trying to add GPIOservice into a context  which must be forbidden
2023-10-04 17:58:37,649 [INFO] ImportTextPane:167 - (OptionalMessage_ERROR) Unable to find key (Mcu.ThirdPartyNb) in loaded IOC file
2023-10-04 17:58:37,649 [INFO] ImportTextPane:167 - (OptionalMessage_ERROR) Unable to find key (Mcu.PinsNb) in loaded IOC file
2023-10-04 17:58:37,649 [INFO] ImportTextPane:167 - (OptionalMessage_ERROR) Unable to find key (Mcu.IPNb) in loaded IOC file
2023-10-04 17:58:37,682 [WARN] ApiManager:304 - Cannot register API 'Board Extension:GNSS1A1' from pack STMicroelectronics.X-CUBE-GNSS1.6.0.0: no header file found
2023-10-04 17:58:37,682 [WARN] ApiManager:304 - Cannot register API 'Board Support:Custom' from pack STMicroelectronics.X-CUBE-GNSS1.6.0.0: no header file found
2023-10-04 17:58:37,682 [WARN] ApiManager:304 - Cannot register API 'Data Exchange:lib_gnss' from pack STMicroelectronics.X-CUBE-GNSS1.6.0.0: no header file found
2023-10-04 17:58:37,685 [WARN] ApiManager:304 - Cannot register API 'Wireless:BlueNRG-MS' from pack STMicroelectronics.X-CUBE-BLE1.7.0.0: no header file found
2023-10-04 17:58:37,687 [WARN] ModelIntegratedComponent:60 - No mode defined for component null
2023-10-04 17:58:37,687 [WARN] ModelIntegratedComponent:60 - No mode defined for component null
2023-10-04 17:58:37,688 [WARN] ModelIntegratedComponent:60 - No mode defined for component null
2023-10-04 17:58:37,688 [WARN] ModelIntegratedComponent:60 - No mode defined for component null
2023-10-04 17:58:37,688 [WARN] ModelIntegratedComponent:60 - No mode defined for component null
2023-10-04 17:58:37,688 [WARN] ModelIntegratedComponent:60 - No mode defined for component null
2023-10-04 17:58:37,688 [WARN] ModelIntegratedComponent:60 - No mode defined for component null
2023-10-04 17:58:37,688 [WARN] ModelIntegratedComponent:60 - No mode defined for component null
2023-10-04 17:58:37,688 [WARN] ModelIntegratedComponent:60 - No mode defined for component null
2023-10-04 17:58:37,688 [WARN] ModelIntegratedComponent:60 - No mode defined for component null
2023-10-04 17:58:37,688 [WARN] ModelIntegratedComponent:60 - No mode defined for component null
2023-10-04 17:58:37,688 [WARN] ModelIntegratedComponent:60 - No mode defined for component null
2023-10-04 17:58:37,688 [WARN] ModelIntegratedComponent:60 - No mode defined for component null
2023-10-04 17:58:37,688 [WARN] ModelIntegratedComponent:60 - No mode defined for component null
2023-10-04 17:58:37,688 [WARN] ModelIntegratedComponent:60 - No mode defined for component null
2023-10-04 17:58:37,688 [WARN] ModelIntegratedComponent:60 - No mode defined for component null
2023-10-04 17:58:37,688 [WARN] ModelIntegratedComponent:60 - No mode defined for component null
2023-10-04 17:58:37,688 [WARN] ModelIntegratedComponent:60 - No mode defined for component null
2023-10-04 17:58:37,688 [WARN] ModelIntegratedComponent:60 - No mode defined for component null
2023-10-04 17:58:37,689 [WARN] ModelIntegratedComponent:60 - No mode defined for component null
2023-10-04 17:58:37,689 [WARN] ModelIntegratedComponent:60 - No mode defined for component null
2023-10-04 17:58:37,689 [WARN] ModelIntegratedComponent:60 - No mode defined for component null
2023-10-04 17:58:37,689 [WARN] ModelIntegratedComponent:60 - No mode defined for component null
2023-10-04 17:58:37,689 [WARN] ModelIntegratedComponent:60 - No mode defined for component null
2023-10-04 17:58:37,689 [WARN] ModelIntegratedComponent:60 - No mode defined for component null
2023-10-04 17:58:37,689 [WARN] ModelIntegratedComponent:60 - No mode defined for component null
2023-10-04 17:58:37,689 [WARN] ModelIntegratedComponent:60 - No mode defined for component null
2023-10-04 17:58:37,689 [WARN] ModelIntegratedComponent:60 - No mode defined for component null
2023-10-04 17:58:37,689 [WARN] ModelIntegratedComponent:60 - No mode defined for component null
2023-10-04 17:58:37,689 [WARN] ModelIntegratedComponent:60 - No mode defined for component null
2023-10-04 17:58:37,689 [WARN] ModelIntegratedComponent:60 - No mode defined for component null
2023-10-04 17:58:37,693 [WARN] ApiManager:304 - Cannot register API 'Board Extension:NFC07A1' from pack STMicroelectronics.X-CUBE-NFC7.1.0.1: no header file found
2023-10-04 17:58:37,697 [WARN] ApiManager:304 - Cannot register API 'Board Extension:NFC06A1' from pack STMicroelectronics.X-CUBE-NFC6.3.0.0: no header file found
2023-10-04 17:58:37,697 [WARN] ApiManager:304 - Cannot register API 'Board Extension:NFC08A1' from pack STMicroelectronics.X-CUBE-NFC6.3.0.0: no header file found
2023-10-04 17:58:37,698 [WARN] ApiManager:304 - Cannot register API 'Board Extension:EEPRMA1' from pack STMicroelectronics.X-CUBE-EEPRMA1.4.1.0: no header file found
2023-10-04 17:58:37,698 [WARN] ApiManager:304 - Cannot register API 'Board Extension:EEPRMA2' from pack STMicroelectronics.X-CUBE-EEPRMA1.4.1.0: no header file found
2023-10-04 17:58:37,698 [WARN] ApiManager:304 - Cannot register API 'Board Extension:PGEEZ1' from pack STMicroelectronics.X-CUBE-EEPRMA1.4.1.0: no header file found
2023-10-04 17:58:37,698 [WARN] ApiManager:304 - Cannot register API 'Board Part:M24' from pack STMicroelectronics.X-CUBE-EEPRMA1.4.1.0: no header file found
2023-10-04 17:58:37,698 [WARN] ApiManager:304 - Cannot register API 'Board Part:M95' from pack STMicroelectronics.X-CUBE-EEPRMA1.4.1.0: no header file found
2023-10-04 17:58:37,698 [WARN] ApiManager:304 - Cannot register API 'Board Part:M95P32' from pack STMicroelectronics.X-CUBE-EEPRMA1.4.1.0: no header file found
2023-10-04 17:58:37,698 [WARN] ApiManager:304 - Cannot register API 'PGEEZ1:SPI' from pack STMicroelectronics.X-CUBE-EEPRMA1.4.1.0: no header file found
2023-10-04 17:58:37,698 [WARN] ApiManager:304 - Cannot register API 'PGEEZ1:QDSPI' from pack STMicroelectronics.X-CUBE-EEPRMA1.4.1.0: no header file found
2023-10-04 17:58:37,911 [WARN] ApiManager:304 - Cannot register API 'Board Extension:IKS01A3' from pack STMicroelectronics.X-CUBE-MEMS1.9.6.0: no header file found
2023-10-04 17:58:37,911 [WARN] ApiManager:304 - Cannot register API 'Board Extension:IKS01A2' from pack STMicroelectronics.X-CUBE-MEMS1.9.6.0: no header file found
2023-10-04 17:58:37,911 [WARN] ApiManager:304 - Cannot register API 'Board Extension:IKS02A1' from pack STMicroelectronics.X-CUBE-MEMS1.9.6.0: no header file found
2023-10-04 17:58:37,921 [INFO] RtosManager:484 - Registered RTOS mode: class=CMSIS, group=RTOS, mode=CMSIS_V1, owner=FREERTOS
2023-10-04 17:58:37,921 [INFO] RtosManager:484 - Registered RTOS mode: class=CMSIS, group=RTOS2, mode=CMSIS_V2, owner=FREERTOS
2023-10-04 17:58:37,921 [INFO] RtosManager:484 - Registered RTOS mode: class=RTOS, group=Core, mode=CMSIS_V1, owner=FREERTOS
2023-10-04 17:58:37,921 [INFO] RtosManager:484 - Registered RTOS mode: class=RTOS, group=Core, mode=CMSIS_V2, owner=FREERTOS
2023-10-04 17:58:37,921 [WARN] ModelIntegratedComponent:181 - Missing modes for component STMicroelectronics:FreeRTOS:0.0.1:STMicroelectronics:RTOS:FreeRTOS:Core:::10.2.0:
2023-10-04 17:58:37,924 [WARN] ApiManager:304 - Cannot register API 'Board Extension:NFC04A1' from pack STMicroelectronics.X-CUBE-NFC4.3.0.0: no header file found
2023-10-04 17:58:37,926 [WARN] ApiManager:304 - Cannot register API 'Board Extension:S2868A1' from pack STMicroelectronics.X-CUBE-SUBG2.5.0.0: no header file found
2023-10-04 17:58:37,926 [WARN] ApiManager:304 - Cannot register API 'Board Extension:S2868A2' from pack STMicroelectronics.X-CUBE-SUBG2.5.0.0: no header file found
2023-10-04 17:58:37,926 [WARN] ApiManager:304 - Cannot register API 'Board Extension:S2915A1' from pack STMicroelectronics.X-CUBE-SUBG2.5.0.0: no header file found
2023-10-04 17:58:37,929 [WARN] ApiManager:304 - Cannot register API 'Board Extension:S2868A1' from pack STMicroelectronics.X-CUBE-SFXS2LP1.4.0.0: no header file found
2023-10-04 17:58:37,929 [WARN] ApiManager:304 - Cannot register API 'Board Extension:S2868A2' from pack STMicroelectronics.X-CUBE-SFXS2LP1.4.0.0: no header file found
2023-10-04 17:58:37,929 [WARN] ApiManager:304 - Cannot register API 'Board Extension:S2915A1' from pack STMicroelectronics.X-CUBE-SFXS2LP1.4.0.0: no header file found
2023-10-04 17:58:37,929 [WARN] ApiManager:304 - Cannot register API 'Wireless:BlueNRG-2' from pack STMicroelectronics.X-CUBE-BLE2.3.3.0: no header file found
2023-10-04 17:58:39,480 [INFO] UtilMem:74 - End LoadConfig() Used Memory: 436375792 Bytes (625999872)
2023-10-04 17:58:39,486 [WARN] ThirdParty:779 - waiting for thirdparty lock release [change project]
2023-10-04 17:58:39,486 [INFO] ThirdParty:781 - entering critical section [change project]
2023-10-04 17:58:39,486 [INFO] ThirdParty:967 - CMSIS Pack Vendor :STMicroelectronics X-CUBE-ISPU 1.1.0
2023-10-04 17:58:39,486 [INFO] ThirdParty:967 - CMSIS Pack Vendor :STMicroelectronics X-CUBE-GNSS1 6.0.0
2023-10-04 17:58:39,486 [INFO] ThirdParty:967 - CMSIS Pack Vendor :STMicroelectronics USB_HOST 2.0.0
2023-10-04 17:58:39,486 [INFO] ThirdParty:967 - CMSIS Pack Vendor :STMicroelectronics X-CUBE-AZRTOS-F4 1.1.0
2023-10-04 17:58:39,486 [INFO] ThirdParty:967 - CMSIS Pack Vendor :STMicroelectronics X-CUBE-BLE1 7.0.0
2023-10-04 17:58:39,486 [INFO] ThirdParty:967 - CMSIS Pack Vendor :STMicroelectronics FP-ATR-SIGFOX1 3.2.0
2023-10-04 17:58:39,486 [INFO] ThirdParty:967 - CMSIS Pack Vendor :wolfSSL I-CUBE-wolfSSL 5.6.3
2023-10-04 17:58:39,486 [INFO] ThirdParty:967 - CMSIS Pack Vendor :STMicroelectronics USB_DEVICE 3.0.0
2023-10-04 17:58:39,486 [INFO] ThirdParty:967 - CMSIS Pack Vendor :STMicroelectronics HAL Drivers 0.0.0
2023-10-04 17:58:39,486 [INFO] ThirdParty:967 - CMSIS Pack Vendor :STMicroelectronics MBEDTLS 2.16.2
2023-10-04 17:58:39,486 [INFO] ThirdParty:967 - CMSIS Pack Vendor :STMicroelectronics X-CUBE-AZRTOS-WB 2.0.0
2023-10-04 17:58:39,486 [INFO] ThirdParty:967 - CMSIS Pack Vendor :STMicroelectronics X-CUBE-TOUCHGFX 4.22.0
2023-10-04 17:58:39,486 [INFO] ThirdParty:967 - CMSIS Pack Vendor :STMicroelectronics X-CUBE-NFC7 1.0.1
2023-10-04 17:58:39,486 [INFO] ThirdParty:967 - CMSIS Pack Vendor :STMicroelectronics MBEDTLS 2.14.1
2023-10-04 17:58:39,486 [INFO] ThirdParty:967 - CMSIS Pack Vendor :STMicroelectronics X-CUBE-TOUCHGFX 4.22.1
2023-10-04 17:58:39,486 [INFO] ThirdParty:967 - CMSIS Pack Vendor :STMicroelectronics X-CUBE-AZRTOS-F7 1.1.0
2023-10-04 17:58:39,487 [INFO] ThirdParty:967 - CMSIS Pack Vendor :STMicroelectronics X-CUBE-AZRTOS-L5 2.0.0
2023-10-04 17:58:39,487 [INFO] ThirdParty:967 - CMSIS Pack Vendor :STMicroelectronics X-CUBE-NFC6 3.0.0
2023-10-04 17:58:39,487 [INFO] ThirdParty:967 - CMSIS Pack Vendor :STMicroelectronics X-CUBE-EEPRMA1 4.1.0
2023-10-04 17:58:39,487 [INFO] ThirdParty:967 - CMSIS Pack Vendor :portGmbH I-Cube-SoM-uGOAL 1.1.0
2023-10-04 17:58:39,487 [INFO] ThirdParty:967 - CMSIS Pack Vendor :STMicroelectronics X-CUBE-ALS 1.0.1
2023-10-04 17:58:39,487 [INFO] ThirdParty:967 - CMSIS Pack Vendor :STMicroelectronics USB_DEVICE 2.0.0
2023-10-04 17:58:39,487 [INFO] ThirdParty:967 - CMSIS Pack Vendor :STMicroelectronics X-CUBE-MEMS1 9.6.0
2023-10-04 17:58:39,487 [INFO] ThirdParty:967 - CMSIS Pack Vendor :STMicroelectronics X-CUBE-AZRTOS-WL 2.0.0
2023-10-04 17:58:39,487 [INFO] ThirdParty:967 - CMSIS Pack Vendor :STMicroelectronics X-CUBE-ALGOBUILD 1.3.0
2023-10-04 17:58:39,487 [INFO] ThirdParty:967 - CMSIS Pack Vendor :SEGGER I-CUBE-embOS 1.3.1
2023-10-04 17:58:39,487 [INFO] ThirdParty:967 - CMSIS Pack Vendor :STMicroelectronics FreeRTOS 0.0.1
2023-10-04 17:58:39,487 [INFO] ThirdParty:967 - CMSIS Pack Vendor :STMicroelectronics X-CUBE-AZRTOS-G0 1.1.0
2023-10-04 17:58:39,487 [INFO] ThirdParty:967 - CMSIS Pack Vendor :STMicroelectronics USB_DEVICE 1.0.0
2023-10-04 17:58:39,487 [INFO] ThirdParty:967 - CMSIS Pack Vendor :STMicroelectronics X-CUBE-BLEMGR 2.0.0
2023-10-04 17:58:39,487 [INFO] ThirdParty:967 - CMSIS Pack Vendor :STMicroelectronics X-CUBE-AI 8.1.0
2023-10-04 17:58:39,487 [INFO] ThirdParty:967 - CMSIS Pack Vendor :STMicroelectronics X-CUBE-NFC4 3.0.0
2023-10-04 17:58:39,487 [INFO] ThirdParty:967 - CMSIS Pack Vendor :STMicroelectronics X-CUBE-SUBG2 5.0.0
2023-10-04 17:58:39,487 [INFO] ThirdParty:967 - CMSIS Pack Vendor :STMicroelectronics X-CUBE-AZRTOS-L4 2.0.0
2023-10-04 17:58:39,487 [INFO] ThirdParty:967 - CMSIS Pack Vendor :STMicroelectronics ThreadX 0.0.2
2023-10-04 17:58:39,487 [INFO] ThirdParty:967 - CMSIS Pack Vendor :WES I-CUBE-Cesium 1.3.0
2023-10-04 17:58:39,487 [INFO] ThirdParty:967 - CMSIS Pack Vendor :STMicroelectronics FP-ATR-ASTRA1 2.0.0
2023-10-04 17:58:39,487 [INFO] ThirdParty:967 - CMSIS Pack Vendor :STMicroelectronics lwIP 2.0.3
2023-10-04 17:58:39,488 [INFO] ThirdParty:967 - CMSIS Pack Vendor :STMicroelectronics lwIP 2.1.2
2023-10-04 17:58:39,488 [INFO] ThirdParty:967 - CMSIS Pack Vendor :STMicroelectronics X-CUBE-SFXS2LP1 4.0.0
2023-10-04 17:58:39,488 [INFO] ThirdParty:967 - CMSIS Pack Vendor :STMicroelectronics X-CUBE-BLE2 3.3.0
2023-10-04 17:58:39,488 [INFO] ThirdParty:967 - CMSIS Pack Vendor :STMicroelectronics USB_HOST 1.0.0
2023-10-04 17:58:39,488 [INFO] ThirdParty:967 - CMSIS Pack Vendor :STMicroelectronics X-CUBE-AZRTOS-G4 2.0.0
2023-10-04 17:58:39,488 [INFO] ThirdParty:967 - CMSIS Pack Vendor :STMicroelectronics PDM2PCM 3.1.0
2023-10-04 17:58:39,488 [INFO] ThirdParty:967 - CMSIS Pack Vendor :STMicroelectronics X-CUBE-AZRTOS-H7 3.1.0
2023-10-04 17:58:39,488 [INFO] ThirdParty:967 - CMSIS Pack Vendor :STMicroelectronics PDM2PCM 3.2.0
2023-10-04 17:58:39,488 [INFO] ThirdParty:967 - CMSIS Pack Vendor :STMicroelectronics PDM2PCM 3.3.0
2023-10-04 17:58:39,488 [INFO] ThirdParty:787 - exiting critical section [change project]
2023-10-04 17:58:39,642 [INFO] PinOutPanel:1463 - setPackage(No Configuration,No Configuration)
2023-10-04 17:58:39,643 [INFO] PinOutPanel:1463 - setPackage(STM32F103C6Ux,UFQFPN48)
2023-10-04 17:58:39,918 [INFO] UtilMem:74 - Before build in PCC Used Memory: 444726344 Bytes (625999872)
2023-10-04 17:58:40,357 [INFO] UtilMem:74 - After build in PCC Used Memory: 533328968 Bytes (625999872)
2023-10-04 17:58:40,373 [INFO] IPUIPlugin:74 - create IPUIPlugin
2023-10-04 17:58:40,373 [INFO] IPUIPlugin:74 - create IPUIPlugin
2023-10-04 17:58:40,373 [INFO] IPUIPlugin:74 - create IPUIPlugin
2023-10-04 17:58:40,373 [INFO] IPUIPlugin:74 - create IPUIPlugin
2023-10-04 17:58:40,373 [INFO] IPUIPlugin:74 - create IPUIPlugin
2023-10-04 17:58:40,373 [INFO] IPUIPlugin:74 - create IPUIPlugin
2023-10-04 17:58:40,373 [INFO] IPUIPlugin:74 - create IPUIPlugin
2023-10-04 17:58:40,373 [INFO] IPUIPlugin:74 - create IPUIPlugin
2023-10-04 17:58:40,373 [INFO] IPUIPlugin:74 - create IPUIPlugin
2023-10-04 17:58:40,375 [INFO] IPUIPlugin:74 - create IPUIPlugin
2023-10-04 17:58:40,375 [INFO] IPUIPlugin:74 - create IPUIPlugin
2023-10-04 17:58:40,375 [INFO] IPUIPlugin:74 - create IPUIPlugin
2023-10-04 17:58:40,375 [INFO] IPUIPlugin:74 - create IPUIPlugin
2023-10-04 17:58:40,375 [INFO] IPUIPlugin:74 - create IPUIPlugin
2023-10-04 17:58:40,376 [INFO] IPUIPlugin:74 - create IPUIPlugin
2023-10-04 17:58:40,376 [INFO] IPUIPlugin:74 - create IPUIPlugin
2023-10-04 17:58:40,376 [INFO] IPUIPlugin:74 - create IPUIPlugin
2023-10-04 17:58:40,376 [INFO] IPUIPlugin:74 - create IPUIPlugin
2023-10-04 17:58:40,376 [INFO] IPUIPlugin:74 - create IPUIPlugin
2023-10-04 17:58:40,377 [INFO] IPUIPlugin:74 - create IPUIPlugin
2023-10-04 17:58:40,377 [INFO] IPUIPlugin:74 - create IPUIPlugin
2023-10-04 17:58:40,377 [INFO] IPUIPlugin:74 - create IPUIPlugin
2023-10-04 17:58:40,378 [INFO] IPUIPlugin:74 - create IPUIPlugin
2023-10-04 17:58:40,471 [INFO] OpenFileManager:333 - Restore cursor
2023-10-04 17:58:40,639 [INFO] UtilMem:74 - End SaveConfig() Used Memory: 475962416 Bytes (625999872)
2023-10-04 17:58:40,674 [INFO] UtilMem:74 - End SaveConfig() Used Memory: 488477472 Bytes (625999872)
2023-10-04 17:58:40,922 [INFO] BlockDiagram:2740 - set Specific Code input for plugin: NVIC
2023-10-04 17:58:40,922 [INFO] BlockDiagram:2740 - set Specific Code input for plugin: SYS
2023-10-04 17:58:40,922 [INFO] BlockDiagram:2740 - set Specific Code input for plugin: RCC
2023-10-04 17:58:40,923 [INFO] CodeGenerator:663 - code generatio: config db path: C:\ST\STM32CubeIDE_1.7.0\STM32CubeIDE\plugins\com.st.stm32cube.common.mx_6.3.0.202107141111\\db\
2023-10-04 17:58:41,204 [INFO] CodeEngine:239 - oldGeneratedFile, D:\STM32\ex1\MXTmpFiles\license.tmp_save
2023-10-04 17:58:41,449 [INFO] CodeEngine:257 - Generated code: D:\STM32\ex1\MXTmpFiles\license.tmp
2023-10-04 17:58:41,544 [INFO] CodeEngine:239 - oldGeneratedFile, D:\STM32\ex1\Core\Src\stm32f1xx_it.c_save
2023-10-04 17:58:42,066 [INFO] CodeEngine:257 - Generated code: D:\STM32\ex1\Core\Src\stm32f1xx_it.c
2023-10-04 17:58:42,072 [INFO] CodeEngine:239 - oldGeneratedFile, D:\STM32\ex1\Core\Inc\stm32f1xx_it.h_save
2023-10-04 17:58:42,127 [INFO] CodeEngine:257 - Generated code: D:\STM32\ex1\Core\Inc\stm32f1xx_it.h
2023-10-04 17:58:42,139 [INFO] CodeEngine:239 - oldGeneratedFile, D:\STM32\ex1\Core\Src\stm32f1xx_hal_msp.c_save
2023-10-04 17:58:42,268 [INFO] CodeEngine:257 - Generated code: D:\STM32\ex1\Core\Src\stm32f1xx_hal_msp.c
2023-10-04 17:58:42,277 [INFO] CodeEngine:239 - oldGeneratedFile, D:\STM32\ex1\MXTmpFiles\system.tmp_save
2023-10-04 17:58:42,353 [INFO] CodeEngine:257 - Generated code: D:\STM32\ex1\MXTmpFiles\system.tmp
2023-10-04 17:58:42,374 [INFO] CodeEngine:239 - oldGeneratedFile, D:\STM32\ex1\Core\Inc\stm32f1xx_hal_conf.h_save
2023-10-04 17:58:42,493 [INFO] CodeEngine:257 - Generated code: D:\STM32\ex1\Core\Inc\stm32f1xx_hal_conf.h
2023-10-04 17:58:42,546 [INFO] CodeEngine:239 - oldGeneratedFile, D:\STM32\ex1\Core\Inc\main.h_save
2023-10-04 17:58:42,641 [INFO] CodeEngine:257 - Generated code: D:\STM32\ex1\Core\Inc\main.h
2023-10-04 17:58:42,651 [INFO] CodeEngine:239 - oldGeneratedFile, D:\STM32\ex1\Core\Src\main.c_save
2023-10-04 17:58:43,129 [INFO] CodeEngine:257 - Generated code: D:\STM32\ex1\Core\Src\main.c
2023-10-04 17:58:43,916 [INFO] ProjectBuilder:2578 - Time for Copy HAL[1] : 38mS.
2023-10-04 17:58:43,919 [INFO] ProjectBuilder:3622 - Project Generator version: 3.14.1
2023-10-04 17:58:44,378 [INFO] ConfigFileManager:1271 - The Die is : DIE412
2023-10-04 17:58:44,394 [INFO] ApiDbMcu:468 - Load IP Config File for FATFS
2023-10-04 17:58:44,424 [INFO] ApiDbMcu:468 - Load IP Config File for FREERTOS
2023-10-04 17:58:44,450 [INFO] ApiDbMcu:468 - Load IP Config File for USB_DEVICE
2023-10-04 17:58:48,584 [INFO] ProjectBuilder:3789 - Time for Generating toolchain IDE Files: 4665mS.
2023-10-04 17:58:48,585 [INFO] ProjectBuilder:2457 - Time for Copy CMSIS : 0mS.
2023-10-04 17:58:48,586 [INFO] ProjectBuilder:2457 - Time for Copy CMSIS : 0mS.
2023-10-04 17:58:49,338 [INFO] McuFinderGlobals:52 - Set McuFinderConnectedMode to true
2023-10-04 17:58:49,340 [INFO] ApiDb:276 - Save user favorites file C:\Users\taish/.stm32cubeide/favorites.mcus.txt: 0 item(s)
2023-10-04 17:58:49,340 [INFO] ApiDb:280 - User favorites MCUs=[]
2023-10-04 17:59:56,108 [INFO] UtilMem:74 - End SaveConfig() Used Memory: 800907552 Bytes (964689920)
2023-10-04 17:59:56,971 [INFO] UtilMem:74 - End SaveConfig() Used Memory: 816482136 Bytes (964689920)
2023-10-04 17:59:58,779 [INFO] UtilMem:74 - End SaveConfig() Used Memory: 806727296 Bytes (964689920)
2023-10-04 17:59:59,073 [INFO] BlockDiagram:2740 - set Specific Code input for plugin: NVIC
2023-10-04 17:59:59,073 [INFO] BlockDiagram:2740 - set Specific Code input for plugin: SYS
2023-10-04 17:59:59,073 [INFO] BlockDiagram:2740 - set Specific Code input for plugin: GPIO
2023-10-04 17:59:59,073 [INFO] BlockDiagram:2740 - set Specific Code input for plugin: RCC
2023-10-04 17:59:59,073 [INFO] CodeGenerator:663 - code generatio: config db path: C:\ST\STM32CubeIDE_1.7.0\STM32CubeIDE\plugins\com.st.stm32cube.common.mx_6.3.0.202107141111\\db\
2023-10-04 17:59:59,366 [INFO] CodeEngine:239 - oldGeneratedFile, D:\STM32\ex1\MXTmpFiles\license.tmp_save
2023-10-04 17:59:59,419 [INFO] CodeEngine:257 - Generated code: D:\STM32\ex1\MXTmpFiles\license.tmp
2023-10-04 17:59:59,466 [INFO] CodeEngine:239 - oldGeneratedFile, D:\STM32\ex1\MXTmpFiles\gpio.tmp_save
2023-10-04 17:59:59,559 [INFO] CodeEngine:257 - Generated code: D:\STM32\ex1\MXTmpFiles\gpio.tmp
2023-10-04 17:59:59,572 [INFO] CodeEngine:239 - oldGeneratedFile, D:\STM32\ex1\Core\Src\stm32f1xx_it.c_save
2023-10-04 17:59:59,645 [INFO] CodeEngine:257 - Generated code: D:\STM32\ex1\Core\Src\stm32f1xx_it.c
2023-10-04 17:59:59,647 [INFO] CodeEngine:239 - oldGeneratedFile, D:\STM32\ex1\Core\Inc\stm32f1xx_it.h_save
2023-10-04 17:59:59,690 [INFO] CodeEngine:257 - Generated code: D:\STM32\ex1\Core\Inc\stm32f1xx_it.h
2023-10-04 17:59:59,701 [INFO] CodeEngine:239 - oldGeneratedFile, D:\STM32\ex1\Core\Src\stm32f1xx_hal_msp.c_save
2023-10-04 17:59:59,782 [INFO] CodeEngine:257 - Generated code: D:\STM32\ex1\Core\Src\stm32f1xx_hal_msp.c
2023-10-04 17:59:59,783 [INFO] CodeEngine:239 - oldGeneratedFile, D:\STM32\ex1\MXTmpFiles\system.tmp_save
2023-10-04 17:59:59,822 [INFO] CodeEngine:257 - Generated code: D:\STM32\ex1\MXTmpFiles\system.tmp
2023-10-04 17:59:59,833 [INFO] CodeEngine:239 - oldGeneratedFile, D:\STM32\ex1\Core\Inc\stm32f1xx_hal_conf.h_save
2023-10-04 17:59:59,904 [INFO] CodeEngine:257 - Generated code: D:\STM32\ex1\Core\Inc\stm32f1xx_hal_conf.h
2023-10-04 17:59:59,935 [INFO] CodeEngine:239 - oldGeneratedFile, D:\STM32\ex1\Core\Inc\main.h_save
2023-10-04 17:59:59,998 [INFO] CodeEngine:257 - Generated code: D:\STM32\ex1\Core\Inc\main.h
2023-10-04 18:00:00,001 [INFO] CodeEngine:239 - oldGeneratedFile, D:\STM32\ex1\Core\Src\main.c_save
2023-10-04 18:00:00,095 [INFO] CodeEngine:257 - Generated code: D:\STM32\ex1\Core\Src\main.c
2023-10-04 18:00:00,865 [INFO] ProjectBuilder:2578 - Time for Copy HAL[1] : 50mS.
2023-10-04 18:00:00,868 [INFO] ProjectBuilder:3622 - Project Generator version: 3.14.1
2023-10-04 18:00:01,285 [INFO] ConfigFileManager:1271 - The Die is : DIE412
2023-10-04 18:00:03,293 [INFO] ProjectBuilder:3789 - Time for Generating toolchain IDE Files: 2425mS.
2023-10-04 18:00:03,294 [INFO] ProjectBuilder:2457 - Time for Copy CMSIS : 0mS.
2023-10-04 18:00:03,295 [INFO] ProjectBuilder:2457 - Time for Copy CMSIS : 0mS.
2023-10-04 18:12:38,641 [INFO] MainUpdater:2671 - connection check result : 10
2023-10-04 18:12:38,709 [INFO] McuFinderGlobals:52 - Set McuFinderConnectedMode to false
2023-10-04 18:12:38,746 [INFO] CrossSelectorPresenter:1330 - Cross Selector saved comparison directory: C:\Users\taish\.stmcufinder\plugins\mcufinder\mcu\cs_comparisons_mx
2023-10-04 18:12:38,747 [INFO] MultiScanPanel:197 - Auto-refresh data requested => check proxy status ongoing
2023-10-04 18:12:38,747 [INFO] MultiScanPanel:201 - Proxy status is invalid
2023-10-04 18:12:38,747 [INFO] FinderPluginLoader:87 - Searching for filters in installed packs
2023-10-04 18:12:38,975 [INFO] DetailPanel:309 - Set advertising image to C:/Users/taish/STM32Cube/Repository/\en.prom-stm32h5-mcu-finder.jpg
2023-10-04 18:12:58,221 [INFO] MainUpdater:2671 - connection check result : 10
2023-10-04 18:12:58,221 [INFO] MainUpdater:2671 - connection check result : 10
2023-10-04 18:12:58,245 [INFO] MicroXplorer:448 - Change Database Path : 
2023-10-04 18:12:58,245 [INFO] MicroXplorer:478 - Change Database Version : DB.6.0.30
2023-10-04 18:12:58,246 [WARN] ThirdParty:813 - waiting for thirdparty lock release [close project]
2023-10-04 18:12:58,246 [INFO] ThirdParty:815 - entering critical section [close project]
2023-10-04 18:12:58,246 [INFO] ThirdParty:825 - exiting critical section [close project]
2023-10-04 18:12:58,246 [INFO] PinOutPanel:1463 - setPackage(No Configuration,No Configuration)
2023-10-04 18:12:58,253 [INFO] UtilMem:74 - Begin LoadConfig() Used Memory: 779898864 Bytes (1073741824)
2023-10-04 18:12:58,253 [INFO] MicroXplorer:448 - Change Database Path : 
2023-10-04 18:12:58,254 [INFO] MicroXplorer:478 - Change Database Version : DB.6.0.30
2023-10-04 18:12:58,254 [INFO] OpenFileManager:313 - Change cursor
2023-10-04 18:12:58,265 [INFO] RulesReader:57 - Compatibility file has been processed (242 Rules)
2023-10-04 18:12:58,587 [INFO] Context:592 - Trying to add GPIOservice into a context  which must be forbidden
2023-10-04 18:12:58,675 [INFO] ImportTextPane:167 - (OptionalMessage_ERROR) Unable to find key (Mcu.ThirdPartyNb) in loaded IOC file
2023-10-04 18:12:58,675 [INFO] ImportTextPane:167 - (OptionalMessage_ERROR) Unable to find key (Mcu.PinsNb) in loaded IOC file
2023-10-04 18:12:58,675 [INFO] ImportTextPane:167 - (OptionalMessage_ERROR) Unable to find key (Mcu.IPNb) in loaded IOC file
2023-10-04 18:12:58,685 [WARN] ApiManager:304 - Cannot register API 'Board Extension:GNSS1A1' from pack STMicroelectronics.X-CUBE-GNSS1.6.0.0: no header file found
2023-10-04 18:12:58,686 [WARN] ApiManager:304 - Cannot register API 'Board Support:Custom' from pack STMicroelectronics.X-CUBE-GNSS1.6.0.0: no header file found
2023-10-04 18:12:58,686 [WARN] ApiManager:304 - Cannot register API 'Data Exchange:lib_gnss' from pack STMicroelectronics.X-CUBE-GNSS1.6.0.0: no header file found
2023-10-04 18:12:58,688 [WARN] ApiManager:304 - Cannot register API 'Wireless:BlueNRG-MS' from pack STMicroelectronics.X-CUBE-BLE1.7.0.0: no header file found
2023-10-04 18:12:58,688 [WARN] ModelIntegratedComponent:60 - No mode defined for component null
2023-10-04 18:12:58,689 [WARN] ModelIntegratedComponent:60 - No mode defined for component null
2023-10-04 18:12:58,689 [WARN] ModelIntegratedComponent:60 - No mode defined for component null
2023-10-04 18:12:58,689 [WARN] ModelIntegratedComponent:60 - No mode defined for component null
2023-10-04 18:12:58,689 [WARN] ModelIntegratedComponent:60 - No mode defined for component null
2023-10-04 18:12:58,689 [WARN] ModelIntegratedComponent:60 - No mode defined for component null
2023-10-04 18:12:58,689 [WARN] ModelIntegratedComponent:60 - No mode defined for component null
2023-10-04 18:12:58,689 [WARN] ModelIntegratedComponent:60 - No mode defined for component null
2023-10-04 18:12:58,689 [WARN] ModelIntegratedComponent:60 - No mode defined for component null
2023-10-04 18:12:58,689 [WARN] ModelIntegratedComponent:60 - No mode defined for component null
2023-10-04 18:12:58,689 [WARN] ModelIntegratedComponent:60 - No mode defined for component null
2023-10-04 18:12:58,689 [WARN] ModelIntegratedComponent:60 - No mode defined for component null
2023-10-04 18:12:58,689 [WARN] ModelIntegratedComponent:60 - No mode defined for component null
2023-10-04 18:12:58,690 [WARN] ModelIntegratedComponent:60 - No mode defined for component null
2023-10-04 18:12:58,690 [WARN] ModelIntegratedComponent:60 - No mode defined for component null
2023-10-04 18:12:58,690 [WARN] ModelIntegratedComponent:60 - No mode defined for component null
2023-10-04 18:12:58,690 [WARN] ModelIntegratedComponent:60 - No mode defined for component null
2023-10-04 18:12:58,690 [WARN] ModelIntegratedComponent:60 - No mode defined for component null
2023-10-04 18:12:58,690 [WARN] ModelIntegratedComponent:60 - No mode defined for component null
2023-10-04 18:12:58,690 [WARN] ModelIntegratedComponent:60 - No mode defined for component null
2023-10-04 18:12:58,690 [WARN] ModelIntegratedComponent:60 - No mode defined for component null
2023-10-04 18:12:58,690 [WARN] ModelIntegratedComponent:60 - No mode defined for component null
2023-10-04 18:12:58,690 [WARN] ModelIntegratedComponent:60 - No mode defined for component null
2023-10-04 18:12:58,690 [WARN] ModelIntegratedComponent:60 - No mode defined for component null
2023-10-04 18:12:58,690 [WARN] ModelIntegratedComponent:60 - No mode defined for component null
2023-10-04 18:12:58,691 [WARN] ModelIntegratedComponent:60 - No mode defined for component null
2023-10-04 18:12:58,691 [WARN] ModelIntegratedComponent:60 - No mode defined for component null
2023-10-04 18:12:58,691 [WARN] ModelIntegratedComponent:60 - No mode defined for component null
2023-10-04 18:12:58,691 [WARN] ModelIntegratedComponent:60 - No mode defined for component null
2023-10-04 18:12:58,691 [WARN] ModelIntegratedComponent:60 - No mode defined for component null
2023-10-04 18:12:58,691 [WARN] ModelIntegratedComponent:60 - No mode defined for component null
2023-10-04 18:12:58,693 [WARN] ApiManager:304 - Cannot register API 'Board Extension:NFC07A1' from pack STMicroelectronics.X-CUBE-NFC7.1.0.1: no header file found
2023-10-04 18:12:58,696 [WARN] ApiManager:304 - Cannot register API 'Board Extension:NFC06A1' from pack STMicroelectronics.X-CUBE-NFC6.3.0.0: no header file found
2023-10-04 18:12:58,696 [WARN] ApiManager:304 - Cannot register API 'Board Extension:NFC08A1' from pack STMicroelectronics.X-CUBE-NFC6.3.0.0: no header file found
2023-10-04 18:12:58,697 [WARN] ApiManager:304 - Cannot register API 'Board Extension:EEPRMA1' from pack STMicroelectronics.X-CUBE-EEPRMA1.4.1.0: no header file found
2023-10-04 18:12:58,698 [WARN] ApiManager:304 - Cannot register API 'Board Extension:EEPRMA2' from pack STMicroelectronics.X-CUBE-EEPRMA1.4.1.0: no header file found
2023-10-04 18:12:58,698 [WARN] ApiManager:304 - Cannot register API 'Board Extension:PGEEZ1' from pack STMicroelectronics.X-CUBE-EEPRMA1.4.1.0: no header file found
2023-10-04 18:12:58,698 [WARN] ApiManager:304 - Cannot register API 'Board Part:M24' from pack STMicroelectronics.X-CUBE-EEPRMA1.4.1.0: no header file found
2023-10-04 18:12:58,698 [WARN] ApiManager:304 - Cannot register API 'Board Part:M95' from pack STMicroelectronics.X-CUBE-EEPRMA1.4.1.0: no header file found
2023-10-04 18:12:58,698 [WARN] ApiManager:304 - Cannot register API 'Board Part:M95P32' from pack STMicroelectronics.X-CUBE-EEPRMA1.4.1.0: no header file found
2023-10-04 18:12:58,698 [WARN] ApiManager:304 - Cannot register API 'PGEEZ1:SPI' from pack STMicroelectronics.X-CUBE-EEPRMA1.4.1.0: no header file found
2023-10-04 18:12:58,698 [WARN] ApiManager:304 - Cannot register API 'PGEEZ1:QDSPI' from pack STMicroelectronics.X-CUBE-EEPRMA1.4.1.0: no header file found
2023-10-04 18:12:58,924 [WARN] ApiManager:304 - Cannot register API 'Board Extension:IKS01A3' from pack STMicroelectronics.X-CUBE-MEMS1.9.6.0: no header file found
2023-10-04 18:12:58,924 [WARN] ApiManager:304 - Cannot register API 'Board Extension:IKS01A2' from pack STMicroelectronics.X-CUBE-MEMS1.9.6.0: no header file found
2023-10-04 18:12:58,924 [WARN] ApiManager:304 - Cannot register API 'Board Extension:IKS02A1' from pack STMicroelectronics.X-CUBE-MEMS1.9.6.0: no header file found
2023-10-04 18:12:58,932 [INFO] RtosManager:484 - Registered RTOS mode: class=CMSIS, group=RTOS, mode=CMSIS_V1, owner=FREERTOS
2023-10-04 18:12:58,932 [INFO] RtosManager:484 - Registered RTOS mode: class=CMSIS, group=RTOS2, mode=CMSIS_V2, owner=FREERTOS
2023-10-04 18:12:58,932 [INFO] RtosManager:484 - Registered RTOS mode: class=RTOS, group=Core, mode=CMSIS_V1, owner=FREERTOS
2023-10-04 18:12:58,932 [INFO] RtosManager:484 - Registered RTOS mode: class=RTOS, group=Core, mode=CMSIS_V2, owner=FREERTOS
2023-10-04 18:12:58,932 [WARN] ModelIntegratedComponent:181 - Missing modes for component STMicroelectronics:FreeRTOS:0.0.1:STMicroelectronics:RTOS:FreeRTOS:Core:::10.2.0:
2023-10-04 18:12:58,933 [WARN] ApiManager:304 - Cannot register API 'Board Extension:NFC04A1' from pack STMicroelectronics.X-CUBE-NFC4.3.0.0: no header file found
2023-10-04 18:12:58,936 [WARN] ApiManager:304 - Cannot register API 'Board Extension:S2868A1' from pack STMicroelectronics.X-CUBE-SUBG2.5.0.0: no header file found
2023-10-04 18:12:58,936 [WARN] ApiManager:304 - Cannot register API 'Board Extension:S2868A2' from pack STMicroelectronics.X-CUBE-SUBG2.5.0.0: no header file found
2023-10-04 18:12:58,936 [WARN] ApiManager:304 - Cannot register API 'Board Extension:S2915A1' from pack STMicroelectronics.X-CUBE-SUBG2.5.0.0: no header file found
2023-10-04 18:12:58,938 [WARN] ApiManager:304 - Cannot register API 'Board Extension:S2868A1' from pack STMicroelectronics.X-CUBE-SFXS2LP1.4.0.0: no header file found
2023-10-04 18:12:58,938 [WARN] ApiManager:304 - Cannot register API 'Board Extension:S2868A2' from pack STMicroelectronics.X-CUBE-SFXS2LP1.4.0.0: no header file found
2023-10-04 18:12:58,938 [WARN] ApiManager:304 - Cannot register API 'Board Extension:S2915A1' from pack STMicroelectronics.X-CUBE-SFXS2LP1.4.0.0: no header file found
2023-10-04 18:12:58,938 [WARN] ApiManager:304 - Cannot register API 'Wireless:BlueNRG-2' from pack STMicroelectronics.X-CUBE-BLE2.3.3.0: no header file found
2023-10-04 18:13:00,292 [INFO] UtilMem:74 - End LoadConfig() Used Memory: 886511064 Bytes (1073741824)
2023-10-04 18:13:00,293 [WARN] ThirdParty:779 - waiting for thirdparty lock release [change project]
2023-10-04 18:13:00,293 [INFO] ThirdParty:781 - entering critical section [change project]
2023-10-04 18:13:00,293 [INFO] ThirdParty:967 - CMSIS Pack Vendor :STMicroelectronics X-CUBE-ISPU 1.1.0
2023-10-04 18:13:00,293 [INFO] ThirdParty:967 - CMSIS Pack Vendor :STMicroelectronics X-CUBE-GNSS1 6.0.0
2023-10-04 18:13:00,293 [INFO] ThirdParty:967 - CMSIS Pack Vendor :STMicroelectronics USB_HOST 2.0.0
2023-10-04 18:13:00,293 [INFO] ThirdParty:967 - CMSIS Pack Vendor :STMicroelectronics X-CUBE-AZRTOS-F4 1.1.0
2023-10-04 18:13:00,293 [INFO] ThirdParty:967 - CMSIS Pack Vendor :STMicroelectronics X-CUBE-BLE1 7.0.0
2023-10-04 18:13:00,293 [INFO] ThirdParty:967 - CMSIS Pack Vendor :STMicroelectronics FP-ATR-SIGFOX1 3.2.0
2023-10-04 18:13:00,293 [INFO] ThirdParty:967 - CMSIS Pack Vendor :wolfSSL I-CUBE-wolfSSL 5.6.3
2023-10-04 18:13:00,293 [INFO] ThirdParty:967 - CMSIS Pack Vendor :STMicroelectronics USB_DEVICE 3.0.0
2023-10-04 18:13:00,293 [INFO] ThirdParty:967 - CMSIS Pack Vendor :STMicroelectronics HAL Drivers 0.0.0
2023-10-04 18:13:00,293 [INFO] ThirdParty:967 - CMSIS Pack Vendor :STMicroelectronics MBEDTLS 2.16.2
2023-10-04 18:13:00,293 [INFO] ThirdParty:967 - CMSIS Pack Vendor :STMicroelectronics X-CUBE-AZRTOS-WB 2.0.0
2023-10-04 18:13:00,293 [INFO] ThirdParty:967 - CMSIS Pack Vendor :STMicroelectronics X-CUBE-TOUCHGFX 4.22.0
2023-10-04 18:13:00,293 [INFO] ThirdParty:967 - CMSIS Pack Vendor :STMicroelectronics X-CUBE-NFC7 1.0.1
2023-10-04 18:13:00,293 [INFO] ThirdParty:967 - CMSIS Pack Vendor :STMicroelectronics MBEDTLS 2.14.1
2023-10-04 18:13:00,293 [INFO] ThirdParty:967 - CMSIS Pack Vendor :STMicroelectronics X-CUBE-TOUCHGFX 4.22.1
2023-10-04 18:13:00,293 [INFO] ThirdParty:967 - CMSIS Pack Vendor :STMicroelectronics X-CUBE-AZRTOS-F7 1.1.0
2023-10-04 18:13:00,293 [INFO] ThirdParty:967 - CMSIS Pack Vendor :STMicroelectronics X-CUBE-AZRTOS-L5 2.0.0
2023-10-04 18:13:00,293 [INFO] ThirdParty:967 - CMSIS Pack Vendor :STMicroelectronics X-CUBE-NFC6 3.0.0
2023-10-04 18:13:00,293 [INFO] ThirdParty:967 - CMSIS Pack Vendor :STMicroelectronics X-CUBE-EEPRMA1 4.1.0
2023-10-04 18:13:00,293 [INFO] ThirdParty:967 - CMSIS Pack Vendor :portGmbH I-Cube-SoM-uGOAL 1.1.0
2023-10-04 18:13:00,294 [INFO] ThirdParty:967 - CMSIS Pack Vendor :STMicroelectronics X-CUBE-ALS 1.0.1
2023-10-04 18:13:00,294 [INFO] ThirdParty:967 - CMSIS Pack Vendor :STMicroelectronics USB_DEVICE 2.0.0
2023-10-04 18:13:00,294 [INFO] ThirdParty:967 - CMSIS Pack Vendor :STMicroelectronics X-CUBE-MEMS1 9.6.0
2023-10-04 18:13:00,294 [INFO] ThirdParty:967 - CMSIS Pack Vendor :STMicroelectronics X-CUBE-AZRTOS-WL 2.0.0
2023-10-04 18:13:00,294 [INFO] ThirdParty:967 - CMSIS Pack Vendor :STMicroelectronics X-CUBE-ALGOBUILD 1.3.0
2023-10-04 18:13:00,294 [INFO] ThirdParty:967 - CMSIS Pack Vendor :SEGGER I-CUBE-embOS 1.3.1
2023-10-04 18:13:00,294 [INFO] ThirdParty:967 - CMSIS Pack Vendor :STMicroelectronics FreeRTOS 0.0.1
2023-10-04 18:13:00,294 [INFO] ThirdParty:967 - CMSIS Pack Vendor :STMicroelectronics X-CUBE-AZRTOS-G0 1.1.0
2023-10-04 18:13:00,294 [INFO] ThirdParty:967 - CMSIS Pack Vendor :STMicroelectronics USB_DEVICE 1.0.0
2023-10-04 18:13:00,294 [INFO] ThirdParty:967 - CMSIS Pack Vendor :STMicroelectronics X-CUBE-BLEMGR 2.0.0
2023-10-04 18:13:00,294 [INFO] ThirdParty:967 - CMSIS Pack Vendor :STMicroelectronics X-CUBE-AI 8.1.0
2023-10-04 18:13:00,294 [INFO] ThirdParty:967 - CMSIS Pack Vendor :STMicroelectronics X-CUBE-NFC4 3.0.0
2023-10-04 18:13:00,294 [INFO] ThirdParty:967 - CMSIS Pack Vendor :STMicroelectronics X-CUBE-SUBG2 5.0.0
2023-10-04 18:13:00,294 [INFO] ThirdParty:967 - CMSIS Pack Vendor :STMicroelectronics X-CUBE-AZRTOS-L4 2.0.0
2023-10-04 18:13:00,294 [INFO] ThirdParty:967 - CMSIS Pack Vendor :STMicroelectronics ThreadX 0.0.2
2023-10-04 18:13:00,294 [INFO] ThirdParty:967 - CMSIS Pack Vendor :WES I-CUBE-Cesium 1.3.0
2023-10-04 18:13:00,294 [INFO] ThirdParty:967 - CMSIS Pack Vendor :STMicroelectronics FP-ATR-ASTRA1 2.0.0
2023-10-04 18:13:00,294 [INFO] ThirdParty:967 - CMSIS Pack Vendor :STMicroelectronics lwIP 2.0.3
2023-10-04 18:13:00,294 [INFO] ThirdParty:967 - CMSIS Pack Vendor :STMicroelectronics lwIP 2.1.2
2023-10-04 18:13:00,294 [INFO] ThirdParty:967 - CMSIS Pack Vendor :STMicroelectronics X-CUBE-SFXS2LP1 4.0.0
2023-10-04 18:13:00,294 [INFO] ThirdParty:967 - CMSIS Pack Vendor :STMicroelectronics X-CUBE-BLE2 3.3.0
2023-10-04 18:13:00,294 [INFO] ThirdParty:967 - CMSIS Pack Vendor :STMicroelectronics USB_HOST 1.0.0
2023-10-04 18:13:00,294 [INFO] ThirdParty:967 - CMSIS Pack Vendor :STMicroelectronics X-CUBE-AZRTOS-G4 2.0.0
2023-10-04 18:13:00,295 [INFO] ThirdParty:967 - CMSIS Pack Vendor :STMicroelectronics PDM2PCM 3.1.0
2023-10-04 18:13:00,295 [INFO] ThirdParty:967 - CMSIS Pack Vendor :STMicroelectronics X-CUBE-AZRTOS-H7 3.1.0
2023-10-04 18:13:00,295 [INFO] ThirdParty:967 - CMSIS Pack Vendor :STMicroelectronics PDM2PCM 3.2.0
2023-10-04 18:13:00,295 [INFO] ThirdParty:967 - CMSIS Pack Vendor :STMicroelectronics PDM2PCM 3.3.0
2023-10-04 18:13:00,295 [INFO] ThirdParty:787 - exiting critical section [change project]
2023-10-04 18:13:00,372 [INFO] PinOutPanel:1463 - setPackage(No Configuration,No Configuration)
2023-10-04 18:13:00,372 [INFO] PinOutPanel:1463 - setPackage(STM32F103C6Ux,UFQFPN48)
2023-10-04 18:13:00,538 [INFO] UtilMem:74 - Before build in PCC Used Memory: 768874088 Bytes (1073741824)
2023-10-04 18:13:00,685 [INFO] UtilMem:74 - After build in PCC Used Memory: 787374408 Bytes (1073741824)
2023-10-04 18:13:00,695 [INFO] IPUIPlugin:74 - create IPUIPlugin
2023-10-04 18:13:00,696 [INFO] IPUIPlugin:74 - create IPUIPlugin
2023-10-04 18:13:00,696 [INFO] IPUIPlugin:74 - create IPUIPlugin
2023-10-04 18:13:00,696 [INFO] IPUIPlugin:74 - create IPUIPlugin
2023-10-04 18:13:00,696 [INFO] IPUIPlugin:74 - create IPUIPlugin
2023-10-04 18:13:00,696 [INFO] IPUIPlugin:74 - create IPUIPlugin
2023-10-04 18:13:00,696 [INFO] IPUIPlugin:74 - create IPUIPlugin
2023-10-04 18:13:00,696 [INFO] IPUIPlugin:74 - create IPUIPlugin
2023-10-04 18:13:00,696 [INFO] IPUIPlugin:74 - create IPUIPlugin
2023-10-04 18:13:00,697 [INFO] IPUIPlugin:74 - create IPUIPlugin
2023-10-04 18:13:00,697 [INFO] IPUIPlugin:74 - create IPUIPlugin
2023-10-04 18:13:00,697 [INFO] IPUIPlugin:74 - create IPUIPlugin
2023-10-04 18:13:00,697 [INFO] IPUIPlugin:74 - create IPUIPlugin
2023-10-04 18:13:00,697 [INFO] IPUIPlugin:74 - create IPUIPlugin
2023-10-04 18:13:00,698 [INFO] IPUIPlugin:74 - create IPUIPlugin
2023-10-04 18:13:00,698 [INFO] IPUIPlugin:74 - create IPUIPlugin
2023-10-04 18:13:00,698 [INFO] IPUIPlugin:74 - create IPUIPlugin
2023-10-04 18:13:00,698 [INFO] IPUIPlugin:74 - create IPUIPlugin
2023-10-04 18:13:00,698 [INFO] IPUIPlugin:74 - create IPUIPlugin
2023-10-04 18:13:00,699 [INFO] IPUIPlugin:74 - create IPUIPlugin
2023-10-04 18:13:00,699 [INFO] IPUIPlugin:74 - create IPUIPlugin
2023-10-04 18:13:00,700 [INFO] IPUIPlugin:74 - create IPUIPlugin
2023-10-04 18:13:00,700 [INFO] IPUIPlugin:74 - create IPUIPlugin
2023-10-04 18:13:00,707 [INFO] OpenFileManager:333 - Restore cursor
2023-10-04 18:13:00,834 [INFO] UtilMem:74 - End SaveConfig() Used Memory: 846094664 Bytes (1073741824)
2023-10-04 18:13:00,877 [INFO] UtilMem:74 - End SaveConfig() Used Memory: 860248392 Bytes (1073741824)
2023-10-04 18:13:01,092 [INFO] BlockDiagram:2740 - set Specific Code input for plugin: NVIC
2023-10-04 18:13:01,093 [INFO] BlockDiagram:2740 - set Specific Code input for plugin: SYS
2023-10-04 18:13:01,093 [INFO] BlockDiagram:2740 - set Specific Code input for plugin: RCC
2023-10-04 18:13:01,093 [INFO] CodeGenerator:663 - code generatio: config db path: C:\ST\STM32CubeIDE_1.7.0\STM32CubeIDE\plugins\com.st.stm32cube.common.mx_6.3.0.202107141111\\db\
2023-10-04 18:13:01,290 [INFO] CodeEngine:239 - oldGeneratedFile, D:\STM32\ex2\MXTmpFiles\license.tmp_save
2023-10-04 18:13:01,340 [INFO] CodeEngine:257 - Generated code: D:\STM32\ex2\MXTmpFiles\license.tmp
2023-10-04 18:13:01,362 [INFO] CodeEngine:239 - oldGeneratedFile, D:\STM32\ex2\Core\Src\stm32f1xx_it.c_save
2023-10-04 18:13:01,430 [INFO] CodeEngine:257 - Generated code: D:\STM32\ex2\Core\Src\stm32f1xx_it.c
2023-10-04 18:13:01,432 [INFO] CodeEngine:239 - oldGeneratedFile, D:\STM32\ex2\Core\Inc\stm32f1xx_it.h_save
2023-10-04 18:13:01,476 [INFO] CodeEngine:257 - Generated code: D:\STM32\ex2\Core\Inc\stm32f1xx_it.h
2023-10-04 18:13:01,482 [INFO] CodeEngine:239 - oldGeneratedFile, D:\STM32\ex2\Core\Src\stm32f1xx_hal_msp.c_save
2023-10-04 18:13:01,614 [INFO] CodeEngine:257 - Generated code: D:\STM32\ex2\Core\Src\stm32f1xx_hal_msp.c
2023-10-04 18:13:01,616 [INFO] CodeEngine:239 - oldGeneratedFile, D:\STM32\ex2\MXTmpFiles\system.tmp_save
2023-10-04 18:13:01,670 [INFO] CodeEngine:257 - Generated code: D:\STM32\ex2\MXTmpFiles\system.tmp
2023-10-04 18:13:01,675 [INFO] CodeEngine:239 - oldGeneratedFile, D:\STM32\ex2\Core\Inc\stm32f1xx_hal_conf.h_save
2023-10-04 18:13:01,746 [INFO] CodeEngine:257 - Generated code: D:\STM32\ex2\Core\Inc\stm32f1xx_hal_conf.h
2023-10-04 18:13:01,770 [INFO] CodeEngine:239 - oldGeneratedFile, D:\STM32\ex2\Core\Inc\main.h_save
2023-10-04 18:13:01,822 [INFO] CodeEngine:257 - Generated code: D:\STM32\ex2\Core\Inc\main.h
2023-10-04 18:13:01,824 [INFO] CodeEngine:239 - oldGeneratedFile, D:\STM32\ex2\Core\Src\main.c_save
2023-10-04 18:13:01,891 [INFO] CodeEngine:257 - Generated code: D:\STM32\ex2\Core\Src\main.c
2023-10-04 18:13:02,546 [INFO] ProjectBuilder:2578 - Time for Copy HAL[1] : 41mS.
2023-10-04 18:13:02,549 [INFO] ProjectBuilder:3622 - Project Generator version: 3.14.1
2023-10-04 18:13:02,981 [INFO] ConfigFileManager:1271 - The Die is : DIE412
2023-10-04 18:13:02,985 [INFO] ApiDbMcu:468 - Load IP Config File for FATFS
2023-10-04 18:13:03,006 [INFO] ApiDbMcu:468 - Load IP Config File for FREERTOS
2023-10-04 18:13:03,023 [INFO] ApiDbMcu:468 - Load IP Config File for USB_DEVICE
2023-10-04 18:13:04,986 [INFO] ProjectBuilder:3789 - Time for Generating toolchain IDE Files: 2437mS.
2023-10-04 18:13:04,987 [INFO] ProjectBuilder:2457 - Time for Copy CMSIS : 1mS.
2023-10-04 18:13:04,987 [INFO] ProjectBuilder:2457 - Time for Copy CMSIS : 0mS.
2023-10-04 18:13:05,264 [INFO] McuFinderGlobals:52 - Set McuFinderConnectedMode to true
2023-10-04 18:13:05,268 [INFO] ApiDb:276 - Save user favorites file C:\Users\taish/.stm32cubeide/favorites.mcus.txt: 0 item(s)
2023-10-04 18:13:05,268 [INFO] ApiDb:280 - User favorites MCUs=[]
2023-10-04 18:13:29,335 [INFO] UtilMem:74 - End SaveConfig() Used Memory: 783072280 Bytes (1073741824)
2023-10-04 18:13:30,148 [INFO] UtilMem:74 - End SaveConfig() Used Memory: 805852672 Bytes (1073741824)
2023-10-04 18:13:32,937 [INFO] UtilMem:74 - End SaveConfig() Used Memory: 881638264 Bytes (1073741824)
2023-10-04 18:13:33,177 [INFO] BlockDiagram:2740 - set Specific Code input for plugin: NVIC
2023-10-04 18:13:33,178 [INFO] BlockDiagram:2740 - set Specific Code input for plugin: SYS
2023-10-04 18:13:33,178 [INFO] BlockDiagram:2740 - set Specific Code input for plugin: GPIO
2023-10-04 18:13:33,178 [INFO] BlockDiagram:2740 - set Specific Code input for plugin: RCC
2023-10-04 18:13:33,178 [INFO] CodeGenerator:663 - code generatio: config db path: C:\ST\STM32CubeIDE_1.7.0\STM32CubeIDE\plugins\com.st.stm32cube.common.mx_6.3.0.202107141111\\db\
2023-10-04 18:13:33,369 [INFO] CodeEngine:239 - oldGeneratedFile, D:\STM32\ex2\MXTmpFiles\license.tmp_save
2023-10-04 18:13:33,409 [INFO] CodeEngine:257 - Generated code: D:\STM32\ex2\MXTmpFiles\license.tmp
2023-10-04 18:13:33,431 [INFO] CodeEngine:239 - oldGeneratedFile, D:\STM32\ex2\MXTmpFiles\gpio.tmp_save
2023-10-04 18:13:33,501 [INFO] CodeEngine:257 - Generated code: D:\STM32\ex2\MXTmpFiles\gpio.tmp
2023-10-04 18:13:33,515 [INFO] CodeEngine:239 - oldGeneratedFile, D:\STM32\ex2\Core\Src\stm32f1xx_it.c_save
2023-10-04 18:13:33,627 [INFO] CodeEngine:257 - Generated code: D:\STM32\ex2\Core\Src\stm32f1xx_it.c
2023-10-04 18:13:33,629 [INFO] CodeEngine:239 - oldGeneratedFile, D:\STM32\ex2\Core\Inc\stm32f1xx_it.h_save
2023-10-04 18:13:33,673 [INFO] CodeEngine:257 - Generated code: D:\STM32\ex2\Core\Inc\stm32f1xx_it.h
2023-10-04 18:13:33,689 [INFO] CodeEngine:239 - oldGeneratedFile, D:\STM32\ex2\Core\Src\stm32f1xx_hal_msp.c_save
2023-10-04 18:13:33,769 [INFO] CodeEngine:257 - Generated code: D:\STM32\ex2\Core\Src\stm32f1xx_hal_msp.c
2023-10-04 18:13:33,771 [INFO] CodeEngine:239 - oldGeneratedFile, D:\STM32\ex2\MXTmpFiles\system.tmp_save
2023-10-04 18:13:33,810 [INFO] CodeEngine:257 - Generated code: D:\STM32\ex2\MXTmpFiles\system.tmp
2023-10-04 18:13:33,822 [INFO] CodeEngine:239 - oldGeneratedFile, D:\STM32\ex2\Core\Inc\stm32f1xx_hal_conf.h_save
2023-10-04 18:13:33,891 [INFO] CodeEngine:257 - Generated code: D:\STM32\ex2\Core\Inc\stm32f1xx_hal_conf.h
2023-10-04 18:13:33,917 [INFO] CodeEngine:239 - oldGeneratedFile, D:\STM32\ex2\Core\Inc\main.h_save
2023-10-04 18:13:33,981 [INFO] CodeEngine:257 - Generated code: D:\STM32\ex2\Core\Inc\main.h
2023-10-04 18:13:33,984 [INFO] CodeEngine:239 - oldGeneratedFile, D:\STM32\ex2\Core\Src\main.c_save
2023-10-04 18:13:34,093 [INFO] CodeEngine:257 - Generated code: D:\STM32\ex2\Core\Src\main.c
2023-10-04 18:13:34,791 [INFO] ProjectBuilder:2578 - Time for Copy HAL[1] : 35mS.
2023-10-04 18:13:34,793 [INFO] ProjectBuilder:3622 - Project Generator version: 3.14.1
2023-10-04 18:13:35,203 [INFO] ConfigFileManager:1271 - The Die is : DIE412
2023-10-04 18:13:36,577 [INFO] ProjectBuilder:3789 - Time for Generating toolchain IDE Files: 1784mS.
2023-10-04 18:13:36,577 [INFO] ProjectBuilder:2457 - Time for Copy CMSIS : 0mS.
2023-10-04 18:13:36,578 [INFO] ProjectBuilder:2457 - Time for Copy CMSIS : 0mS.
